# JRE version: Java(TM) SE Runtime Environment (8.0_161-b12) (build 1.8.0_161-b12)
# Java VM: Java HotSpot(TM) Client VM (25.161-b12 mixed mode windows-x86 )
Heap:
 def new generation   total 267264K, used 267264K [0x04800000, 0x169f0000, 0x19d50000)
  eden space 237632K, 100% used [0x04800000, 0x13010000, 0x13010000)
  from space 29632K, 100% used [0x13010000, 0x14d00000, 0x14d00000)
  to   space 29632K, 100% used [0x14d00000, 0x169f0000, 0x169f0000)
 tenured generation   total 699072K, used 533213K [0x19d50000, 0x44800000, 0x44800000)
   the space 699072K,  76% used [0x19d50000, 0x3a607450, 0x3a607600, 0x44800000)
 Metaspace       used 53696K, capacity 55274K, committed 55296K, reserved 55680K
GC Heap History (10 events):
Event: 79.395 GC heap after
Heap after GC invocations=176 (full 10):
 def new generation   total 267264K, used 11508K [0x04800000, 0x169f0000, 0x19d50000)
  eden space 237632K,   0% used [0x04800000, 0x04800000, 0x13010000)
  from space 29632K,  38% used [0x13010000, 0x13b4d0e8, 0x14d00000)
  to   space 29632K,   0% used [0x14d00000, 0x14d00000, 0x169f0000)
 tenured generation   total 593420K, used 415112K [0x19d50000, 0x3e0d3000, 0x44800000)
   the space 593420K,  69% used [0x19d50000, 0x332b2240, 0x332b2400, 0x3e0d3000)
 Metaspace       used 53420K, capacity 54944K, committed 55040K, reserved 55680K
}
Event: 79.848 GC heap before
{Heap before GC invocations=176 (full 10):
 def new generation   total 267264K, used 249140K [0x04800000, 0x169f0000, 0x19d50000)
  eden space 237632K, 100% used [0x04800000, 0x13010000, 0x13010000)
  from space 29632K,  38% used [0x13010000, 0x13b4d0e8, 0x14d00000)
  to   space 29632K,   0% used [0x14d00000, 0x14d00000, 0x169f0000)
 tenured generation   total 593420K, used 415112K [0x19d50000, 0x3e0d3000, 0x44800000)
   the space 593420K,  69% used [0x19d50000, 0x332b2240, 0x332b2400, 0x3e0d3000)
 Metaspace       used 53420K, capacity 54944K, committed 55040K, reserved 55680K
Event: 79.890 GC heap after
Heap after GC invocations=177 (full 10):
 def new generation   total 267264K, used 11511K [0x04800000, 0x169f0000, 0x19d50000)
  eden space 237632K,   0% used [0x04800000, 0x04800000, 0x13010000)
  from space 29632K,  38% used [0x14d00000, 0x1583de68, 0x169f0000)
  to   space 29632K,   0% used [0x13010000, 0x13010000, 0x14d00000)
 tenured generation   total 593420K, used 415112K [0x19d50000, 0x3e0d3000, 0x44800000)
   the space 593420K,  69% used [0x19d50000, 0x332b2240, 0x332b2400, 0x3e0d3000)
 Metaspace       used 53420K, capacity 54944K, committed 55040K, reserved 55680K
}
Event: 80.344 GC heap before
{Heap before GC invocations=177 (full 10):
 def new generation   total 267264K, used 249143K [0x04800000, 0x169f0000, 0x19d50000)
  eden space 237632K, 100% used [0x04800000, 0x13010000, 0x13010000)
  from space 29632K,  38% used [0x14d00000, 0x1583de68, 0x169f0000)
  to   space 29632K,   0% used [0x13010000, 0x13010000, 0x14d00000)
 tenured generation   total 593420K, used 415112K [0x19d50000, 0x3e0d3000, 0x44800000)
   the space 593420K,  69% used [0x19d50000, 0x332b2240, 0x332b2400, 0x3e0d3000)
 Metaspace       used 53420K, capacity 54944K, committed 55040K, reserved 55680K
Event: 80.386 GC heap after
Heap after GC invocations=178 (full 10):
 def new generation   total 267264K, used 11515K [0x04800000, 0x169f0000, 0x19d50000)
  eden space 237632K,   0% used [0x04800000, 0x04800000, 0x13010000)
  from space 29632K,  38% used [0x13010000, 0x13b4ec30, 0x14d00000)
  to   space 29632K,   0% used [0x14d00000, 0x14d00000, 0x169f0000)
 tenured generation   total 593420K, used 415112K [0x19d50000, 0x3e0d3000, 0x44800000)
   the space 593420K,  69% used [0x19d50000, 0x332b2240, 0x332b2400, 0x3e0d3000)
 Metaspace       used 53420K, capacity 54944K, committed 55040K, reserved 55680K
}
Event: 80.849 GC heap before
{Heap before GC invocations=178 (full 10):
 def new generation   total 267264K, used 249147K [0x04800000, 0x169f0000, 0x19d50000)
  eden space 237632K, 100% used [0x04800000, 0x13010000, 0x13010000)
  from space 29632K,  38% used [0x13010000, 0x13b4ec30, 0x14d00000)
  to   space 29632K,   0% used [0x14d00000, 0x14d00000, 0x169f0000)
 tenured generation   total 593420K, used 415112K [0x19d50000, 0x3e0d3000, 0x44800000)
   the space 593420K,  69% used [0x19d50000, 0x332b2240, 0x332b2400, 0x3e0d3000)
 Metaspace       used 53420K, capacity 54944K, committed 55040K, reserved 55680K
Event: 80.891 GC heap after
Heap after GC invocations=179 (full 10):
 def new generation   total 267264K, used 11526K [0x04800000, 0x169f0000, 0x19d50000)
  eden space 237632K,   0% used [0x04800000, 0x04800000, 0x13010000)
  from space 29632K,  38% used [0x14d00000, 0x158418d8, 0x169f0000)
  to   space 29632K,   0% used [0x13010000, 0x13010000, 0x14d00000)
 tenured generation   total 593420K, used 415112K [0x19d50000, 0x3e0d3000, 0x44800000)
   the space 593420K,  69% used [0x19d50000, 0x332b2240, 0x332b2400, 0x3e0d3000)
 Metaspace       used 53420K, capacity 54944K, committed 55040K, reserved 55680K
}
Event: 81.873 GC heap before
{Heap before GC invocations=179 (full 10):
 def new generation   total 267264K, used 249158K [0x04800000, 0x169f0000, 0x19d50000)
  eden space 237632K, 100% used [0x04800000, 0x13010000, 0x13010000)
  from space 29632K,  38% used [0x14d00000, 0x158418d8, 0x169f0000)
  to   space 29632K,   0% used [0x13010000, 0x13010000, 0x14d00000)
 tenured generation   total 593420K, used 415112K [0x19d50000, 0x3e0d3000, 0x44800000)
   the space 593420K,  69% used [0x19d50000, 0x332b2240, 0x332b2400, 0x3e0d3000)
 Metaspace       used 53555K, capacity 55088K, committed 55168K, reserved 55680K
Event: 81.959 GC heap after
Heap after GC invocations=180 (full 10):
 def new generation   total 267264K, used 29632K [0x04800000, 0x169f0000, 0x19d50000)
  eden space 237632K,   0% used [0x04800000, 0x04800000, 0x13010000)
  from space 29632K, 100% used [0x13010000, 0x14d00000, 0x14d00000)
  to   space 29632K,   0% used [0x14d00000, 0x14d00000, 0x169f0000)
 tenured generation   total 593420K, used 445527K [0x19d50000, 0x3e0d3000, 0x44800000)
   the space 593420K,  75% used [0x19d50000, 0x35065db8, 0x35065e00, 0x3e0d3000)
 Metaspace       used 53555K, capacity 55088K, committed 55168K, reserved 55680K
}
Event: 82.939 GC heap before
{Heap before GC invocations=180 (full 10):
 def new generation   total 267264K, used 267264K [0x04800000, 0x169f0000, 0x19d50000)
  eden space 237632K, 100% used [0x04800000, 0x13010000, 0x13010000)
  from space 29632K, 100% used [0x13010000, 0x14d00000, 0x14d00000)
  to   space 29632K,   0% used [0x14d00000, 0x14d00000, 0x169f0000)
 tenured generation   total 593420K, used 445527K [0x19d50000, 0x3e0d3000, 0x44800000)
   the space 593420K,  75% used [0x19d50000, 0x35065db8, 0x35065e00, 0x3e0d3000)
 Metaspace       used 53696K, capacity 55274K, committed 55296K, reserved 55680K

