# JRE version: Java(TM) SE Runtime Environment (8.0_161-b12) (build 1.8.0_161-b12)
# Java VM: Java HotSpot(TM) Client VM (25.161-b12 mixed mode windows-x86 )
Heap:
 def new generation   total 41280K, used 14615K [0x03c00000, 0x068c0000, 0x19150000)
  eden space 36736K,  27% used [0x03c00000, 0x045d5e58, 0x05fe0000)
  from space 4544K, 100% used [0x06450000, 0x068c0000, 0x068c0000)
  to   space 4544K,   0% used [0x05fe0000, 0x05fe0000, 0x06450000)
 tenured generation   total 91384K, used 90418K [0x19150000, 0x1ea8e000, 0x43c00000)
   the space 91384K,  98% used [0x19150000, 0x1e99c9f0, 0x1e99ca00, 0x1ea8e000)
 Metaspace       used 41213K, capacity 42432K, committed 42880K, reserved 43392K
GC Heap History (10 events):
Event: 397.428 GC heap before
{Heap before GC invocations=169 (full 6):
 def new generation   total 36544K, used 34420K [0x03c00000, 0x063a0000, 0x19150000)
  eden space 32512K, 100% used [0x03c00000, 0x05bc0000, 0x05bc0000)
  from space 4032K,  47% used [0x05fb0000, 0x0618d0c8, 0x063a0000)
  to   space 4032K,   0% used [0x05bc0000, 0x05bc0000, 0x05fb0000)
 tenured generation   total 80944K, used 71805K [0x19150000, 0x1e05c000, 0x43c00000)
   the space 80944K,  88% used [0x19150000, 0x1d76f4d8, 0x1d76f600, 0x1e05c000)
 Metaspace       used 40583K, capacity 41790K, committed 42112K, reserved 42368K
Event: 397.473 GC heap after
Heap after GC invocations=170 (full 6):
 def new generation   total 36544K, used 4032K [0x03c00000, 0x063a0000, 0x19150000)
  eden space 32512K,   0% used [0x03c00000, 0x03c00000, 0x05bc0000)
  from space 4032K, 100% used [0x05bc0000, 0x05fb0000, 0x05fb0000)
  to   space 4032K,   0% used [0x05fb0000, 0x05fb0000, 0x063a0000)
 tenured generation   total 80944K, used 78737K [0x19150000, 0x1e05c000, 0x43c00000)
   the space 80944K,  97% used [0x19150000, 0x1de34730, 0x1de34800, 0x1e05c000)
 Metaspace       used 40583K, capacity 41790K, committed 42112K, reserved 42368K
}
Event: 397.805 GC heap before
{Heap before GC invocations=170 (full 6):
 def new generation   total 36544K, used 36544K [0x03c00000, 0x063a0000, 0x19150000)
  eden space 32512K, 100% used [0x03c00000, 0x05bc0000, 0x05bc0000)
  from space 4032K, 100% used [0x05bc0000, 0x05fb0000, 0x05fb0000)
  to   space 4032K,   0% used [0x05fb0000, 0x05fb0000, 0x063a0000)
 tenured generation   total 80944K, used 78737K [0x19150000, 0x1e05c000, 0x43c00000)
   the space 80944K,  97% used [0x19150000, 0x1de34730, 0x1de34800, 0x1e05c000)
 Metaspace       used 40691K, capacity 41918K, committed 42240K, reserved 42368K
Event: 398.117 GC heap after
Heap after GC invocations=171 (full 7):
 def new generation   total 41280K, used 0K [0x03c00000, 0x068c0000, 0x19150000)
  eden space 36736K,   0% used [0x03c00000, 0x03c00000, 0x05fe0000)
  from space 4544K,   0% used [0x05fe0000, 0x05fe0000, 0x06450000)
  to   space 4544K,   0% used [0x06450000, 0x06450000, 0x068c0000)
 tenured generation   total 91384K, used 54829K [0x19150000, 0x1ea8e000, 0x43c00000)
   the space 91384K,  59% used [0x19150000, 0x1c6db560, 0x1c6db600, 0x1ea8e000)
 Metaspace       used 40590K, capacity 41790K, committed 42240K, reserved 42368K
}
Event: 398.553 GC heap before
{Heap before GC invocations=171 (full 7):
 def new generation   total 41280K, used 36736K [0x03c00000, 0x068c0000, 0x19150000)
  eden space 36736K, 100% used [0x03c00000, 0x05fe0000, 0x05fe0000)
  from space 4544K,   0% used [0x05fe0000, 0x05fe0000, 0x06450000)
  to   space 4544K,   0% used [0x06450000, 0x06450000, 0x068c0000)
 tenured generation   total 91384K, used 54829K [0x19150000, 0x1ea8e000, 0x43c00000)
   the space 91384K,  59% used [0x19150000, 0x1c6db560, 0x1c6db600, 0x1ea8e000)
 Metaspace       used 40923K, capacity 42144K, committed 42624K, reserved 43392K
Event: 398.631 GC heap after
Heap after GC invocations=172 (full 7):
 def new generation   total 41280K, used 4544K [0x03c00000, 0x068c0000, 0x19150000)
  eden space 36736K,   0% used [0x03c00000, 0x03c00000, 0x05fe0000)
  from space 4544K, 100% used [0x06450000, 0x068c0000, 0x068c0000)
  to   space 4544K,   0% used [0x05fe0000, 0x05fe0000, 0x06450000)
 tenured generation   total 91384K, used 64334K [0x19150000, 0x1ea8e000, 0x43c00000)
   the space 91384K,  70% used [0x19150000, 0x1d023a60, 0x1d023c00, 0x1ea8e000)
 Metaspace       used 40923K, capacity 42144K, committed 42624K, reserved 43392K
}
Event: 398.892 GC heap before
{Heap before GC invocations=172 (full 7):
 def new generation   total 41280K, used 41280K [0x03c00000, 0x068c0000, 0x19150000)
  eden space 36736K, 100% used [0x03c00000, 0x05fe0000, 0x05fe0000)
  from space 4544K, 100% used [0x06450000, 0x068c0000, 0x068c0000)
  to   space 4544K,   0% used [0x05fe0000, 0x05fe0000, 0x06450000)
 tenured generation   total 91384K, used 64334K [0x19150000, 0x1ea8e000, 0x43c00000)
   the space 91384K,  70% used [0x19150000, 0x1d023a60, 0x1d023c00, 0x1ea8e000)
 Metaspace       used 40923K, capacity 42144K, committed 42624K, reserved 43392K
Event: 398.982 GC heap after
Heap after GC invocations=173 (full 7):
 def new generation   total 41280K, used 4543K [0x03c00000, 0x068c0000, 0x19150000)
  eden space 36736K,   0% used [0x03c00000, 0x03c00000, 0x05fe0000)
  from space 4544K,  99% used [0x05fe0000, 0x0644fff8, 0x06450000)
  to   space 4544K,   0% used [0x06450000, 0x06450000, 0x068c0000)
 tenured generation   total 91384K, used 77303K [0x19150000, 0x1ea8e000, 0x43c00000)
   the space 91384K,  84% used [0x19150000, 0x1dccdd80, 0x1dccde00, 0x1ea8e000)
 Metaspace       used 40923K, capacity 42144K, committed 42624K, reserved 43392K
}
Event: 399.642 GC heap before
{Heap before GC invocations=173 (full 7):
 def new generation   total 41280K, used 41279K [0x03c00000, 0x068c0000, 0x19150000)
  eden space 36736K, 100% used [0x03c00000, 0x05fe0000, 0x05fe0000)
  from space 4544K,  99% used [0x05fe0000, 0x0644fff8, 0x06450000)
  to   space 4544K,   0% used [0x06450000, 0x06450000, 0x068c0000)
 tenured generation   total 91384K, used 77303K [0x19150000, 0x1ea8e000, 0x43c00000)
   the space 91384K,  84% used [0x19150000, 0x1dccdd80, 0x1dccde00, 0x1ea8e000)
 Metaspace       used 41197K, capacity 42400K, committed 42880K, reserved 43392K
Event: 399.735 GC heap after
Heap after GC invocations=174 (full 7):
 def new generation   total 41280K, used 4544K [0x03c00000, 0x068c0000, 0x19150000)
  eden space 36736K,   0% used [0x03c00000, 0x03c00000, 0x05fe0000)
  from space 4544K, 100% used [0x06450000, 0x068c0000, 0x068c0000)
  to   space 4544K,   0% used [0x05fe0000, 0x05fe0000, 0x06450000)
 tenured generation   total 91384K, used 90418K [0x19150000, 0x1ea8e000, 0x43c00000)
   the space 91384K,  98% used [0x19150000, 0x1e99c9f0, 0x1e99ca00, 0x1ea8e000)
 Metaspace       used 41197K, capacity 42400K, committed 42880K, reserved 43392K
}

