# JRE version: Java(TM) SE Runtime Environment (8.0_161-b12) (build 1.8.0_161-b12)
# Java VM: Java HotSpot(TM) Client VM (25.161-b12 mixed mode windows-x86 )
Heap:
 def new generation   total 183040K, used 183040K [0x04800000, 0x10e90000, 0x19d50000)
  eden space 162752K, 100% used [0x04800000, 0x0e6f0000, 0x0e6f0000)
  from space 20288K, 100% used [0x0e6f0000, 0x0fac0000, 0x0fac0000)
  to   space 20288K,  10% used [0x0fac0000, 0x0fce3060, 0x10e90000)
 tenured generation   total 406436K, used 301176K [0x19d50000, 0x32a39000, 0x44800000)
   the space 406436K,  74% used [0x19d50000, 0x2c36e190, 0x2c36e200, 0x32a39000)
 Metaspace       used 74481K, capacity 76728K, committed 76800K, reserved 77184K
GC Heap History (10 events):
Event: 1825.078 GC heap after
Heap after GC invocations=321 (full 21):
 def new generation   total 183040K, used 11260K [0x04800000, 0x10e90000, 0x19d50000)
  eden space 162752K,   0% used [0x04800000, 0x04800000, 0x0e6f0000)
  from space 20288K,  55% used [0x0e6f0000, 0x0f1ef1f0, 0x0fac0000)
  to   space 20288K,   0% used [0x0fac0000, 0x0fac0000, 0x10e90000)
 tenured generation   total 406436K, used 215548K [0x19d50000, 0x32a39000, 0x44800000)
   the space 406436K,  53% used [0x19d50000, 0x26fcf038, 0x26fcf200, 0x32a39000)
 Metaspace       used 71128K, capacity 73329K, committed 73344K, reserved 74112K
}
Event: 1827.016 GC heap before
{Heap before GC invocations=321 (full 21):
 def new generation   total 183040K, used 174012K [0x04800000, 0x10e90000, 0x19d50000)
  eden space 162752K, 100% used [0x04800000, 0x0e6f0000, 0x0e6f0000)
  from space 20288K,  55% used [0x0e6f0000, 0x0f1ef1f0, 0x0fac0000)
  to   space 20288K,   0% used [0x0fac0000, 0x0fac0000, 0x10e90000)
 tenured generation   total 406436K, used 215548K [0x19d50000, 0x32a39000, 0x44800000)
   the space 406436K,  53% used [0x19d50000, 0x26fcf038, 0x26fcf200, 0x32a39000)
 Metaspace       used 71128K, capacity 73329K, committed 73344K, reserved 74112K
Event: 1827.070 GC heap after
Heap after GC invocations=322 (full 21):
 def new generation   total 183040K, used 8066K [0x04800000, 0x10e90000, 0x19d50000)
  eden space 162752K,   0% used [0x04800000, 0x04800000, 0x0e6f0000)
  from space 20288K,  39% used [0x0fac0000, 0x102a0a20, 0x10e90000)
  to   space 20288K,   0% used [0x0e6f0000, 0x0e6f0000, 0x0fac0000)
 tenured generation   total 406436K, used 218034K [0x19d50000, 0x32a39000, 0x44800000)
   the space 406436K,  53% used [0x19d50000, 0x2723cac0, 0x2723cc00, 0x32a39000)
 Metaspace       used 71128K, capacity 73329K, committed 73344K, reserved 74112K
}
Event: 1832.454 GC heap before
{Heap before GC invocations=322 (full 21):
 def new generation   total 183040K, used 170818K [0x04800000, 0x10e90000, 0x19d50000)
  eden space 162752K, 100% used [0x04800000, 0x0e6f0000, 0x0e6f0000)
  from space 20288K,  39% used [0x0fac0000, 0x102a0a20, 0x10e90000)
  to   space 20288K,   0% used [0x0e6f0000, 0x0e6f0000, 0x0fac0000)
 tenured generation   total 406436K, used 218034K [0x19d50000, 0x32a39000, 0x44800000)
   the space 406436K,  53% used [0x19d50000, 0x2723cac0, 0x2723cc00, 0x32a39000)
 Metaspace       used 71133K, capacity 73339K, committed 73344K, reserved 74112K
Event: 1832.494 GC heap after
Heap after GC invocations=323 (full 21):
 def new generation   total 183040K, used 10215K [0x04800000, 0x10e90000, 0x19d50000)
  eden space 162752K,   0% used [0x04800000, 0x04800000, 0x0e6f0000)
  from space 20288K,  50% used [0x0e6f0000, 0x0f0e9d58, 0x0fac0000)
  to   space 20288K,   0% used [0x0fac0000, 0x0fac0000, 0x10e90000)
 tenured generation   total 406436K, used 218034K [0x19d50000, 0x32a39000, 0x44800000)
   the space 406436K,  53% used [0x19d50000, 0x2723cac0, 0x2723cc00, 0x32a39000)
 Metaspace       used 71133K, capacity 73339K, committed 73344K, reserved 74112K
}
Event: 1833.654 GC heap before
{Heap before GC invocations=323 (full 21):
 def new generation   total 183040K, used 172967K [0x04800000, 0x10e90000, 0x19d50000)
  eden space 162752K, 100% used [0x04800000, 0x0e6f0000, 0x0e6f0000)
  from space 20288K,  50% used [0x0e6f0000, 0x0f0e9d58, 0x0fac0000)
  to   space 20288K,   0% used [0x0fac0000, 0x0fac0000, 0x10e90000)
 tenured generation   total 406436K, used 218034K [0x19d50000, 0x32a39000, 0x44800000)
   the space 406436K,  53% used [0x19d50000, 0x2723cac0, 0x2723cc00, 0x32a39000)
 Metaspace       used 71133K, capacity 73339K, committed 73344K, reserved 74112K
Event: 1833.837 GC heap after
Heap after GC invocations=324 (full 21):
 def new generation   total 183040K, used 20288K [0x04800000, 0x10e90000, 0x19d50000)
  eden space 162752K,   0% used [0x04800000, 0x04800000, 0x0e6f0000)
  from space 20288K, 100% used [0x0fac0000, 0x10e90000, 0x10e90000)
  to   space 20288K,   0% used [0x0e6f0000, 0x0e6f0000, 0x0fac0000)
 tenured generation   total 406436K, used 247183K [0x19d50000, 0x32a39000, 0x44800000)
   the space 406436K,  60% used [0x19d50000, 0x28eb3c90, 0x28eb3e00, 0x32a39000)
 Metaspace       used 71133K, capacity 73339K, committed 73344K, reserved 74112K
}
Event: 1835.179 GC heap before
{Heap before GC invocations=324 (full 21):
 def new generation   total 183040K, used 183040K [0x04800000, 0x10e90000, 0x19d50000)
  eden space 162752K, 100% used [0x04800000, 0x0e6f0000, 0x0e6f0000)
  from space 20288K, 100% used [0x0fac0000, 0x10e90000, 0x10e90000)
  to   space 20288K,   0% used [0x0e6f0000, 0x0e6f0000, 0x0fac0000)
 tenured generation   total 406436K, used 247183K [0x19d50000, 0x32a39000, 0x44800000)
   the space 406436K,  60% used [0x19d50000, 0x28eb3c90, 0x28eb3e00, 0x32a39000)
 Metaspace       used 74481K, capacity 76728K, committed 76800K, reserved 77184K
Event: 1835.552 GC heap after
Heap after GC invocations=325 (full 21):
 def new generation   total 183040K, used 20288K [0x04800000, 0x10e90000, 0x19d50000)
  eden space 162752K,   0% used [0x04800000, 0x04800000, 0x0e6f0000)
  from space 20288K, 100% used [0x0e6f0000, 0x0fac0000, 0x0fac0000)
  to   space 20288K,   0% used [0x0fac0000, 0x0fac0000, 0x10e90000)
 tenured generation   total 406436K, used 300768K [0x19d50000, 0x32a39000, 0x44800000)
   the space 406436K,  74% used [0x19d50000, 0x2c308140, 0x2c308200, 0x32a39000)
 Metaspace       used 74481K, capacity 76728K, committed 76800K, reserved 77184K
}
Event: 1836.451 GC heap before
{Heap before GC invocations=325 (full 21):
 def new generation   total 183040K, used 183040K [0x04800000, 0x10e90000, 0x19d50000)
  eden space 162752K, 100% used [0x04800000, 0x0e6f0000, 0x0e6f0000)
  from space 20288K, 100% used [0x0e6f0000, 0x0fac0000, 0x0fac0000)
  to   space 20288K,   0% used [0x0fac0000, 0x0fac0000, 0x10e90000)
 tenured generation   total 406436K, used 300768K [0x19d50000, 0x32a39000, 0x44800000)
   the space 406436K,  74% used [0x19d50000, 0x2c308140, 0x2c308200, 0x32a39000)
 Metaspace       used 74481K, capacity 76728K, committed 76800K, reserved 77184K

