# JRE version: Java(TM) SE Runtime Environment (8.0_161-b12) (build 1.8.0_161-b12)
# Java VM: Java HotSpot(TM) Client VM (25.161-b12 mixed mode windows-x86 )
Heap:
 def new generation   total 314560K, used 286585K [0x04800000, 0x19d50000, 0x19d50000)
  eden space 279616K, 100% used [0x04800000, 0x15910000, 0x15910000)
  from space 34944K,  19% used [0x17b30000, 0x181fe5f8, 0x19d50000)
  to   space 34944K,   0% used [0x15910000, 0x15910000, 0x17b30000)
 tenured generation   total 699072K, used 626461K [0x19d50000, 0x44800000, 0x44800000)
   the space 699072K,  89% used [0x19d50000, 0x40117488, 0x40117600, 0x44800000)
 Metaspace       used 71605K, capacity 73915K, committed 79232K, reserved 79232K
GC Heap History (10 events):
Event: 6091.925 GC heap after
Heap after GC invocations=299 (full 24):
 def new generation   total 314560K, used 34944K [0x04800000, 0x19d50000, 0x19d50000)
  eden space 279616K,   0% used [0x04800000, 0x04800000, 0x15910000)
  from space 34944K, 100% used [0x15910000, 0x17b30000, 0x17b30000)
  to   space 34944K,   0% used [0x17b30000, 0x17b30000, 0x19d50000)
 tenured generation   total 699072K, used 607454K [0x19d50000, 0x44800000, 0x44800000)
   the space 699072K,  86% used [0x19d50000, 0x3ee87bf0, 0x3ee87c00, 0x44800000)
 Metaspace       used 75859K, capacity 78310K, committed 78592K, reserved 79232K
}
Event: 6096.379 GC heap before
{Heap before GC invocations=299 (full 24):
 def new generation   total 314560K, used 314560K [0x04800000, 0x19d50000, 0x19d50000)
  eden space 279616K, 100% used [0x04800000, 0x15910000, 0x15910000)
  from space 34944K, 100% used [0x15910000, 0x17b30000, 0x17b30000)
  to   space 34944K,   0% used [0x17b30000, 0x17b30000, 0x19d50000)
 tenured generation   total 699072K, used 607454K [0x19d50000, 0x44800000, 0x44800000)
   the space 699072K,  86% used [0x19d50000, 0x3ee87bf0, 0x3ee87c00, 0x44800000)
 Metaspace       used 79624K, capacity 82109K, committed 82304K, reserved 82304K
Event: 6096.692 GC heap after
Heap after GC invocations=300 (full 24):
 def new generation   total 314560K, used 34944K [0x04800000, 0x19d50000, 0x19d50000)
  eden space 279616K,   0% used [0x04800000, 0x04800000, 0x15910000)
  from space 34944K, 100% used [0x17b30000, 0x19d50000, 0x19d50000)
  to   space 34944K,   0% used [0x15910000, 0x15910000, 0x17b30000)
 tenured generation   total 699072K, used 678747K [0x19d50000, 0x44800000, 0x44800000)
   the space 699072K,  97% used [0x19d50000, 0x43426d60, 0x43426e00, 0x44800000)
 Metaspace       used 79624K, capacity 82109K, committed 82304K, reserved 82304K
}
Event: 6098.034 GC heap before
{Heap before GC invocations=300 (full 24):
 def new generation   total 314560K, used 314560K [0x04800000, 0x19d50000, 0x19d50000)
  eden space 279616K, 100% used [0x04800000, 0x15910000, 0x15910000)
  from space 34944K, 100% used [0x17b30000, 0x19d50000, 0x19d50000)
  to   space 34944K,   0% used [0x15910000, 0x15910000, 0x17b30000)
 tenured generation   total 699072K, used 678747K [0x19d50000, 0x44800000, 0x44800000)
   the space 699072K,  97% used [0x19d50000, 0x43426d60, 0x43426e00, 0x44800000)
 Metaspace       used 79624K, capacity 82109K, committed 82304K, reserved 82304K
Event: 6100.430 GC heap after
Heap after GC invocations=301 (full 25):
 def new generation   total 314560K, used 0K [0x04800000, 0x19d50000, 0x19d50000)
  eden space 279616K,   0% used [0x04800000, 0x04800000, 0x15910000)
  from space 34944K,   0% used [0x17b30000, 0x17b30000, 0x19d50000)
  to   space 34944K,   0% used [0x15910000, 0x15910000, 0x17b30000)
 tenured generation   total 699072K, used 595442K [0x19d50000, 0x44800000, 0x44800000)
   the space 699072K,  85% used [0x19d50000, 0x3e2ccb60, 0x3e2ccc00, 0x44800000)
 Metaspace       used 71416K, capacity 73674K, committed 79232K, reserved 79232K
}
Event: 6103.227 GC heap before
{Heap before GC invocations=301 (full 25):
 def new generation   total 314560K, used 279616K [0x04800000, 0x19d50000, 0x19d50000)
  eden space 279616K, 100% used [0x04800000, 0x15910000, 0x15910000)
  from space 34944K,   0% used [0x17b30000, 0x17b30000, 0x19d50000)
  to   space 34944K,   0% used [0x15910000, 0x15910000, 0x17b30000)
 tenured generation   total 699072K, used 595442K [0x19d50000, 0x44800000, 0x44800000)
   the space 699072K,  85% used [0x19d50000, 0x3e2ccb60, 0x3e2ccc00, 0x44800000)
 Metaspace       used 71416K, capacity 73674K, committed 79232K, reserved 79232K
Event: 6103.399 GC heap after
Heap after GC invocations=302 (full 25):
 def new generation   total 314560K, used 31665K [0x04800000, 0x19d50000, 0x19d50000)
  eden space 279616K,   0% used [0x04800000, 0x04800000, 0x15910000)
  from space 34944K,  90% used [0x15910000, 0x177fc568, 0x17b30000)
  to   space 34944K,   0% used [0x17b30000, 0x17b30000, 0x19d50000)
 tenured generation   total 699072K, used 595442K [0x19d50000, 0x44800000, 0x44800000)
   the space 699072K,  85% used [0x19d50000, 0x3e2ccb60, 0x3e2ccc00, 0x44800000)
 Metaspace       used 71416K, capacity 73674K, committed 79232K, reserved 79232K
}
Event: 6106.812 GC heap before
{Heap before GC invocations=302 (full 25):
 def new generation   total 314560K, used 311281K [0x04800000, 0x19d50000, 0x19d50000)
  eden space 279616K, 100% used [0x04800000, 0x15910000, 0x15910000)
  from space 34944K,  90% used [0x15910000, 0x177fc568, 0x17b30000)
  to   space 34944K,   0% used [0x17b30000, 0x17b30000, 0x19d50000)
 tenured generation   total 699072K, used 595442K [0x19d50000, 0x44800000, 0x44800000)
   the space 699072K,  85% used [0x19d50000, 0x3e2ccb60, 0x3e2ccc00, 0x44800000)
 Metaspace       used 71422K, capacity 73681K, committed 79232K, reserved 79232K
Event: 6106.937 GC heap after
Heap after GC invocations=303 (full 25):
 def new generation   total 314560K, used 6969K [0x04800000, 0x19d50000, 0x19d50000)
  eden space 279616K,   0% used [0x04800000, 0x04800000, 0x15910000)
  from space 34944K,  19% used [0x17b30000, 0x181fe5f8, 0x19d50000)
  to   space 34944K,   0% used [0x15910000, 0x15910000, 0x17b30000)
 tenured generation   total 699072K, used 626461K [0x19d50000, 0x44800000, 0x44800000)
   the space 699072K,  89% used [0x19d50000, 0x40117488, 0x40117600, 0x44800000)
 Metaspace       used 71422K, capacity 73681K, committed 79232K, reserved 79232K
}
Event: 6247.047 GC heap before
{Heap before GC invocations=303 (full 25):
 def new generation   total 314560K, used 286585K [0x04800000, 0x19d50000, 0x19d50000)
  eden space 279616K, 100% used [0x04800000, 0x15910000, 0x15910000)
  from space 34944K,  19% used [0x17b30000, 0x181fe5f8, 0x19d50000)
  to   space 34944K,   0% used [0x15910000, 0x15910000, 0x17b30000)
 tenured generation   total 699072K, used 626461K [0x19d50000, 0x44800000, 0x44800000)
   the space 699072K,  89% used [0x19d50000, 0x40117488, 0x40117600, 0x44800000)
 Metaspace       used 71605K, capacity 73915K, committed 79232K, reserved 79232K

