# JRE version: Java(TM) SE Runtime Environment (8.0_161-b12) (build 1.8.0_161-b12)
# Java VM: Java HotSpot(TM) Client VM (25.161-b12 mixed mode windows-x86 )
Heap:
 def new generation   total 314560K, used 284341K [0x04400000, 0x19950000, 0x19950000)
  eden space 279616K, 100% used [0x04400000, 0x15510000, 0x15510000)
  from space 34944K,  13% used [0x15510000, 0x159ad400, 0x17730000)
  to   space 34944K,  27% used [0x17730000, 0x180892e8, 0x19950000)
 tenured generation   total 699072K, used 451725K [0x19950000, 0x44400000, 0x44400000)
   the space 699072K,  64% used [0x19950000, 0x352737b8, 0x35273800, 0x44400000)
 Metaspace       used 69371K, capacity 71480K, committed 74496K, reserved 75136K
GC Heap History (10 events):
Event: 3318.261 GC heap after
Heap after GC invocations=267 (full 17):
 def new generation   total 314560K, used 18766K [0x04400000, 0x19950000, 0x19950000)
  eden space 279616K,   0% used [0x04400000, 0x04400000, 0x15510000)
  from space 34944K,  53% used [0x15510000, 0x16763a08, 0x17730000)
  to   space 34944K,   0% used [0x17730000, 0x17730000, 0x19950000)
 tenured generation   total 699072K, used 347395K [0x19950000, 0x44400000, 0x44400000)
   the space 699072K,  49% used [0x19950000, 0x2ec90eb0, 0x2ec91000, 0x44400000)
 Metaspace       used 65538K, capacity 67607K, committed 74496K, reserved 75136K
}
Event: 3320.490 GC heap before
{Heap before GC invocations=267 (full 17):
 def new generation   total 314560K, used 298382K [0x04400000, 0x19950000, 0x19950000)
  eden space 279616K, 100% used [0x04400000, 0x15510000, 0x15510000)
  from space 34944K,  53% used [0x15510000, 0x16763a08, 0x17730000)
  to   space 34944K,   0% used [0x17730000, 0x17730000, 0x19950000)
 tenured generation   total 699072K, used 347395K [0x19950000, 0x44400000, 0x44400000)
   the space 699072K,  49% used [0x19950000, 0x2ec90eb0, 0x2ec91000, 0x44400000)
 Metaspace       used 66870K, capacity 68954K, committed 74496K, reserved 75136K
Event: 3320.836 GC heap after
Heap after GC invocations=268 (full 17):
 def new generation   total 314560K, used 34944K [0x04400000, 0x19950000, 0x19950000)
  eden space 279616K,   0% used [0x04400000, 0x04400000, 0x15510000)
  from space 34944K, 100% used [0x17730000, 0x19950000, 0x19950000)
  to   space 34944K,   0% used [0x15510000, 0x15510000, 0x17730000)
 tenured generation   total 699072K, used 416809K [0x19950000, 0x44400000, 0x44400000)
   the space 699072K,  59% used [0x19950000, 0x3305a7f0, 0x3305a800, 0x44400000)
 Metaspace       used 66870K, capacity 68954K, committed 74496K, reserved 75136K
}
Event: 3322.460 GC heap before
{Heap before GC invocations=268 (full 17):
 def new generation   total 314560K, used 314560K [0x04400000, 0x19950000, 0x19950000)
  eden space 279616K, 100% used [0x04400000, 0x15510000, 0x15510000)
  from space 34944K, 100% used [0x17730000, 0x19950000, 0x19950000)
  to   space 34944K,   0% used [0x15510000, 0x15510000, 0x17730000)
 tenured generation   total 699072K, used 416809K [0x19950000, 0x44400000, 0x44400000)
   the space 699072K,  59% used [0x19950000, 0x3305a7f0, 0x3305a800, 0x44400000)
 Metaspace       used 68786K, capacity 70860K, committed 74496K, reserved 75136K
Event: 3322.589 GC heap after
Heap after GC invocations=269 (full 17):
 def new generation   total 314560K, used 4388K [0x04400000, 0x19950000, 0x19950000)
  eden space 279616K,   0% used [0x04400000, 0x04400000, 0x15510000)
  from space 34944K,  12% used [0x15510000, 0x15959358, 0x17730000)
  to   space 34944K,   0% used [0x17730000, 0x17730000, 0x19950000)
 tenured generation   total 699072K, used 451725K [0x19950000, 0x44400000, 0x44400000)
   the space 699072K,  64% used [0x19950000, 0x352737b8, 0x35273800, 0x44400000)
 Metaspace       used 68786K, capacity 70860K, committed 74496K, reserved 75136K
}
Event: 3323.856 GC heap before
{Heap before GC invocations=269 (full 17):
 def new generation   total 314560K, used 284004K [0x04400000, 0x19950000, 0x19950000)
  eden space 279616K, 100% used [0x04400000, 0x15510000, 0x15510000)
  from space 34944K,  12% used [0x15510000, 0x15959358, 0x17730000)
  to   space 34944K,   0% used [0x17730000, 0x17730000, 0x19950000)
 tenured generation   total 699072K, used 451725K [0x19950000, 0x44400000, 0x44400000)
   the space 699072K,  64% used [0x19950000, 0x352737b8, 0x35273800, 0x44400000)
 Metaspace       used 68786K, capacity 70860K, committed 74496K, reserved 75136K
Event: 3323.874 GC heap after
Heap after GC invocations=270 (full 17):
 def new generation   total 314560K, used 3384K [0x04400000, 0x19950000, 0x19950000)
  eden space 279616K,   0% used [0x04400000, 0x04400000, 0x15510000)
  from space 34944K,   9% used [0x17730000, 0x17a7e080, 0x19950000)
  to   space 34944K,   0% used [0x15510000, 0x15510000, 0x17730000)
 tenured generation   total 699072K, used 451725K [0x19950000, 0x44400000, 0x44400000)
   the space 699072K,  64% used [0x19950000, 0x352737b8, 0x35273800, 0x44400000)
 Metaspace       used 68786K, capacity 70860K, committed 74496K, reserved 75136K
}
Event: 3325.157 GC heap before
{Heap before GC invocations=270 (full 17):
 def new generation   total 314560K, used 283000K [0x04400000, 0x19950000, 0x19950000)
  eden space 279616K, 100% used [0x04400000, 0x15510000, 0x15510000)
  from space 34944K,   9% used [0x17730000, 0x17a7e080, 0x19950000)
  to   space 34944K,   0% used [0x15510000, 0x15510000, 0x17730000)
 tenured generation   total 699072K, used 451725K [0x19950000, 0x44400000, 0x44400000)
   the space 699072K,  64% used [0x19950000, 0x352737b8, 0x35273800, 0x44400000)
 Metaspace       used 68791K, capacity 70865K, committed 74496K, reserved 75136K
Event: 3325.178 GC heap after
Heap after GC invocations=271 (full 17):
 def new generation   total 314560K, used 4725K [0x04400000, 0x19950000, 0x19950000)
  eden space 279616K,   0% used [0x04400000, 0x04400000, 0x15510000)
  from space 34944K,  13% used [0x15510000, 0x159ad400, 0x17730000)
  to   space 34944K,   0% used [0x17730000, 0x17730000, 0x19950000)
 tenured generation   total 699072K, used 451725K [0x19950000, 0x44400000, 0x44400000)
   the space 699072K,  64% used [0x19950000, 0x352737b8, 0x35273800, 0x44400000)
 Metaspace       used 68791K, capacity 70865K, committed 74496K, reserved 75136K
}
Event: 3332.864 GC heap before
{Heap before GC invocations=271 (full 17):
 def new generation   total 314560K, used 284341K [0x04400000, 0x19950000, 0x19950000)
  eden space 279616K, 100% used [0x04400000, 0x15510000, 0x15510000)
  from space 34944K,  13% used [0x15510000, 0x159ad400, 0x17730000)
  to   space 34944K,   0% used [0x17730000, 0x17730000, 0x19950000)
 tenured generation   total 699072K, used 451725K [0x19950000, 0x44400000, 0x44400000)
   the space 699072K,  64% used [0x19950000, 0x352737b8, 0x35273800, 0x44400000)
 Metaspace       used 69371K, capacity 71480K, committed 74496K, reserved 75136K

