# JRE version: OpenJDK Runtime Environment (8.0_152-b01) (build 1.8.0_152-release-915-b01)
# Java VM: OpenJDK 64-Bit Server VM (25.152-b01 mixed mode windows-amd64 compressed oops)
Heap:
 PSYoungGen      total 171008K, used 26365K [0x00000000eab00000, 0x00000000f8d00000, 0x0000000100000000)
  eden space 156672K, 7% used [0x00000000eab00000,0x00000000eb6c35a0,0x00000000f4400000)
  from space 14336K, 99% used [0x00000000f4400000,0x00000000f51fc1e0,0x00000000f5200000)
  to   space 16896K, 0% used [0x00000000f7c80000,0x00000000f7c80000,0x00000000f8d00000)
 ParOldGen       total 58880K, used 30060K [0x00000000c0000000, 0x00000000c3980000, 0x00000000eab00000)
  object space 58880K, 51% used [0x00000000c0000000,0x00000000c1d5b210,0x00000000c3980000)
 Metaspace       used 56951K, capacity 58768K, committed 59008K, reserved 1099776K
  class space    used 7745K, capacity 8243K, committed 8320K, reserved 1048576K
GC Heap History (10 events):
Event: 18.672 GC heap before
{Heap before GC invocations=11 (full 1):
 PSYoungGen      total 132096K, used 34169K [0x00000000eab00000, 0x00000000f3900000, 0x0000000100000000)
  eden space 123904K, 20% used [0x00000000eab00000,0x00000000ec4621c8,0x00000000f2400000)
  from space 8192K, 99% used [0x00000000f2700000,0x00000000f2efc3d8,0x00000000f2f00000)
  to   space 10240K, 0% used [0x00000000f2f00000,0x00000000f2f00000,0x00000000f3900000)
 ParOldGen       total 38400K, used 13567K [0x00000000c0000000, 0x00000000c2580000, 0x00000000eab00000)
  object space 38400K, 35% used [0x00000000c0000000,0x00000000c0d3fed0,0x00000000c2580000)
 Metaspace       used 34542K, capacity 35350K, committed 35416K, reserved 1079296K
  class space    used 4749K, capacity 5063K, committed 5120K, reserved 1048576K
Event: 18.704 GC heap after
Heap after GC invocations=11 (full 1):
 PSYoungGen      total 133632K, used 10226K [0x00000000eab00000, 0x00000000f5a00000, 0x0000000100000000)
  eden space 123392K, 0% used [0x00000000eab00000,0x00000000eab00000,0x00000000f2380000)
  from space 10240K, 99% used [0x00000000f2f00000,0x00000000f38fcaa8,0x00000000f3900000)
  to   space 11776K, 0% used [0x00000000f2380000,0x00000000f2380000,0x00000000f2f00000)
 ParOldGen       total 38400K, used 13599K [0x00000000c0000000, 0x00000000c2580000, 0x00000000eab00000)
  object space 38400K, 35% used [0x00000000c0000000,0x00000000c0d47d40,0x00000000c2580000)
 Metaspace       used 34542K, capacity 35350K, committed 35416K, reserved 1079296K
  class space    used 4749K, capacity 5063K, committed 5120K, reserved 1048576K
}
Event: 18.704 GC heap before
{Heap before GC invocations=12 (full 2):
 PSYoungGen      total 133632K, used 10226K [0x00000000eab00000, 0x00000000f5a00000, 0x0000000100000000)
  eden space 123392K, 0% used [0x00000000eab00000,0x00000000eab00000,0x00000000f2380000)
  from space 10240K, 99% used [0x00000000f2f00000,0x00000000f38fcaa8,0x00000000f3900000)
  to   space 11776K, 0% used [0x00000000f2380000,0x00000000f2380000,0x00000000f2f00000)
 ParOldGen       total 38400K, used 13599K [0x00000000c0000000, 0x00000000c2580000, 0x00000000eab00000)
  object space 38400K, 35% used [0x00000000c0000000,0x00000000c0d47d40,0x00000000c2580000)
 Metaspace       used 34542K, capacity 35350K, committed 35416K, reserved 1079296K
  class space    used 4749K, capacity 5063K, committed 5120K, reserved 1048576K
Event: 18.945 GC heap after
Heap after GC invocations=12 (full 2):
 PSYoungGen      total 133632K, used 0K [0x00000000eab00000, 0x00000000f5a00000, 0x0000000100000000)
  eden space 123392K, 0% used [0x00000000eab00000,0x00000000eab00000,0x00000000f2380000)
  from space 10240K, 0% used [0x00000000f2f00000,0x00000000f2f00000,0x00000000f3900000)
  to   space 11776K, 0% used [0x00000000f2380000,0x00000000f2380000,0x00000000f2f00000)
 ParOldGen       total 58880K, used 16871K [0x00000000c0000000, 0x00000000c3980000, 0x00000000eab00000)
  object space 58880K, 28% used [0x00000000c0000000,0x00000000c1079f30,0x00000000c3980000)
 Metaspace       used 34542K, capacity 35350K, committed 35416K, reserved 1079296K
  class space    used 4749K, capacity 5063K, committed 5120K, reserved 1048576K
}
Event: 22.962 GC heap before
{Heap before GC invocations=13 (full 2):
 PSYoungGen      total 133632K, used 123392K [0x00000000eab00000, 0x00000000f5a00000, 0x0000000100000000)
  eden space 123392K, 100% used [0x00000000eab00000,0x00000000f2380000,0x00000000f2380000)
  from space 10240K, 0% used [0x00000000f2f00000,0x00000000f2f00000,0x00000000f3900000)
  to   space 11776K, 0% used [0x00000000f2380000,0x00000000f2380000,0x00000000f2f00000)
 ParOldGen       total 58880K, used 16871K [0x00000000c0000000, 0x00000000c3980000, 0x00000000eab00000)
  object space 58880K, 28% used [0x00000000c0000000,0x00000000c1079f30,0x00000000c3980000)
 Metaspace       used 44553K, capacity 45516K, committed 45824K, reserved 1089536K
  class space    used 5936K, capacity 6287K, committed 6400K, reserved 1048576K
Event: 23.038 GC heap after
Heap after GC invocations=13 (full 2):
 PSYoungGen      total 135168K, used 11746K [0x00000000eab00000, 0x00000000f6080000, 0x0000000100000000)
  eden space 123392K, 0% used [0x00000000eab00000,0x00000000eab00000,0x00000000f2380000)
  from space 11776K, 99% used [0x00000000f2380000,0x00000000f2ef8918,0x00000000f2f00000)
  to   space 14848K, 0% used [0x00000000f5200000,0x00000000f5200000,0x00000000f6080000)
 ParOldGen       total 58880K, used 20121K [0x00000000c0000000, 0x00000000c3980000, 0x00000000eab00000)
  object space 58880K, 34% used [0x00000000c0000000,0x00000000c13a6740,0x00000000c3980000)
 Metaspace       used 44553K, capacity 45516K, committed 45824K, reserved 1089536K
  class space    used 5936K, capacity 6287K, committed 6400K, reserved 1048576K
}
Event: 25.446 GC heap before
{Heap before GC invocations=14 (full 2):
 PSYoungGen      total 135168K, used 135138K [0x00000000eab00000, 0x00000000f6080000, 0x0000000100000000)
  eden space 123392K, 100% used [0x00000000eab00000,0x00000000f2380000,0x00000000f2380000)
  from space 11776K, 99% used [0x00000000f2380000,0x00000000f2ef8918,0x00000000f2f00000)
  to   space 14848K, 0% used [0x00000000f5200000,0x00000000f5200000,0x00000000f6080000)
 ParOldGen       total 58880K, used 20121K [0x00000000c0000000, 0x00000000c3980000, 0x00000000eab00000)
  object space 58880K, 34% used [0x00000000c0000000,0x00000000c13a6740,0x00000000c3980000)
 Metaspace       used 49872K, capacity 50998K, committed 51072K, reserved 1093632K
  class space    used 6652K, capacity 7035K, committed 7040K, reserved 1048576K
Event: 25.498 GC heap after
Heap after GC invocations=14 (full 2):
 PSYoungGen      total 171520K, used 7859K [0x00000000eab00000, 0x00000000f6080000, 0x0000000100000000)
  eden space 156672K, 0% used [0x00000000eab00000,0x00000000eab00000,0x00000000f4400000)
  from space 14848K, 52% used [0x00000000f5200000,0x00000000f59acfc8,0x00000000f6080000)
  to   space 14336K, 0% used [0x00000000f4400000,0x00000000f4400000,0x00000000f5200000)
 ParOldGen       total 58880K, used 28882K [0x00000000c0000000, 0x00000000c3980000, 0x00000000eab00000)
  object space 58880K, 49% used [0x00000000c0000000,0x00000000c1c348e8,0x00000000c3980000)
 Metaspace       used 49872K, capacity 50998K, committed 51072K, reserved 1093632K
  class space    used 6652K, capacity 7035K, committed 7040K, reserved 1048576K
}
Event: 29.669 GC heap before
{Heap before GC invocations=15 (full 2):
 PSYoungGen      total 171520K, used 164531K [0x00000000eab00000, 0x00000000f6080000, 0x0000000100000000)
  eden space 156672K, 100% used [0x00000000eab00000,0x00000000f4400000,0x00000000f4400000)
  from space 14848K, 52% used [0x00000000f5200000,0x00000000f59acfc8,0x00000000f6080000)
  to   space 14336K, 0% used [0x00000000f4400000,0x00000000f4400000,0x00000000f5200000)
 ParOldGen       total 58880K, used 28882K [0x00000000c0000000, 0x00000000c3980000, 0x00000000eab00000)
  object space 58880K, 49% used [0x00000000c0000000,0x00000000c1c348e8,0x00000000c3980000)
 Metaspace       used 56829K, capacity 58706K, committed 59008K, reserved 1099776K
  class space    used 7714K, capacity 8221K, committed 8320K, reserved 1048576K
Event: 29.719 GC heap after
Heap after GC invocations=15 (full 2):
 PSYoungGen      total 171008K, used 14320K [0x00000000eab00000, 0x00000000f8d00000, 0x0000000100000000)
  eden space 156672K, 0% used [0x00000000eab00000,0x00000000eab00000,0x00000000f4400000)
  from space 14336K, 99% used [0x00000000f4400000,0x00000000f51fc1e0,0x00000000f5200000)
  to   space 16896K, 0% used [0x00000000f7c80000,0x00000000f7c80000,0x00000000f8d00000)
 ParOldGen       total 58880K, used 30060K [0x00000000c0000000, 0x00000000c3980000, 0x00000000eab00000)
  object space 58880K, 51% used [0x00000000c0000000,0x00000000c1d5b210,0x00000000c3980000)
 Metaspace       used 56829K, capacity 58706K, committed 59008K, reserved 1099776K
  class space    used 7714K, capacity 8221K, committed 8320K, reserved 1048576K
}

