# JRE version: OpenJDK Runtime Environment (8.0_152-b01) (build 1.8.0_152-release-915-b01)
# Java VM: OpenJDK 64-Bit Server VM (25.152-b01 mixed mode windows-amd64 compressed oops)
Heap:
 PSYoungGen      total 152064K, used 115625K [0x00000000eab00000, 0x00000000f8580000, 0x0000000100000000)
  eden space 136704K, 78% used [0x00000000eab00000,0x00000000f13fc9c8,0x00000000f3080000)
  from space 15360K, 52% used [0x00000000f3080000,0x00000000f386dd88,0x00000000f3f80000)
  to   space 14848K, 0% used [0x00000000f7700000,0x00000000f7700000,0x00000000f8580000)
 ParOldGen       total 85504K, used 18620K [0x00000000c0000000, 0x00000000c5380000, 0x00000000eab00000)
  object space 85504K, 21% used [0x00000000c0000000,0x00000000c122f080,0x00000000c5380000)
 Metaspace       used 41630K, capacity 42717K, committed 42968K, reserved 1087488K
  class space    used 5399K, capacity 5773K, committed 5888K, reserved 1048576K
GC Heap History (10 events):
Event: 4.307 GC heap before
{Heap before GC invocations=5 (full 1):
 PSYoungGen      total 102400K, used 4080K [0x00000000eab00000, 0x00000000f1300000, 0x0000000100000000)
  eden space 98304K, 0% used [0x00000000eab00000,0x00000000eab00000,0x00000000f0b00000)
  from space 4096K, 99% used [0x00000000f0f00000,0x00000000f12fc040,0x00000000f1300000)
  to   space 4096K, 0% used [0x00000000f0b00000,0x00000000f0b00000,0x00000000f0f00000)
 ParOldGen       total 65536K, used 10752K [0x00000000c0000000, 0x00000000c4000000, 0x00000000eab00000)
  object space 65536K, 16% used [0x00000000c0000000,0x00000000c0a802c8,0x00000000c4000000)
 Metaspace       used 20834K, capacity 21220K, committed 21248K, reserved 1067008K
  class space    used 2928K, capacity 3069K, committed 3072K, reserved 1048576K
Event: 4.455 GC heap after
Heap after GC invocations=5 (full 1):
 PSYoungGen      total 102400K, used 0K [0x00000000eab00000, 0x00000000f1300000, 0x0000000100000000)
  eden space 98304K, 0% used [0x00000000eab00000,0x00000000eab00000,0x00000000f0b00000)
  from space 4096K, 0% used [0x00000000f0f00000,0x00000000f0f00000,0x00000000f1300000)
  to   space 4096K, 0% used [0x00000000f0b00000,0x00000000f0b00000,0x00000000f0f00000)
 ParOldGen       total 56320K, used 10412K [0x00000000c0000000, 0x00000000c3700000, 0x00000000eab00000)
  object space 56320K, 18% used [0x00000000c0000000,0x00000000c0a2b128,0x00000000c3700000)
 Metaspace       used 20834K, capacity 21220K, committed 21248K, reserved 1067008K
  class space    used 2928K, capacity 3069K, committed 3072K, reserved 1048576K
}
Event: 13.845 GC heap before
{Heap before GC invocations=6 (full 1):
 PSYoungGen      total 102400K, used 98304K [0x00000000eab00000, 0x00000000f1300000, 0x0000000100000000)
  eden space 98304K, 100% used [0x00000000eab00000,0x00000000f0b00000,0x00000000f0b00000)
  from space 4096K, 0% used [0x00000000f0f00000,0x00000000f0f00000,0x00000000f1300000)
  to   space 4096K, 0% used [0x00000000f0b00000,0x00000000f0b00000,0x00000000f0f00000)
 ParOldGen       total 56320K, used 10412K [0x00000000c0000000, 0x00000000c3700000, 0x00000000eab00000)
  object space 56320K, 18% used [0x00000000c0000000,0x00000000c0a2b128,0x00000000c3700000)
 Metaspace       used 29537K, capacity 30082K, committed 30464K, reserved 1075200K
  class space    used 4017K, capacity 4240K, committed 4352K, reserved 1048576K
Event: 13.865 GC heap after
Heap after GC invocations=6 (full 1):
 PSYoungGen      total 102400K, used 4095K [0x00000000eab00000, 0x00000000f4e80000, 0x0000000100000000)
  eden space 98304K, 0% used [0x00000000eab00000,0x00000000eab00000,0x00000000f0b00000)
  from space 4096K, 99% used [0x00000000f0b00000,0x00000000f0effc30,0x00000000f0f00000)
  to   space 14336K, 0% used [0x00000000f4080000,0x00000000f4080000,0x00000000f4e80000)
 ParOldGen       total 56320K, used 17438K [0x00000000c0000000, 0x00000000c3700000, 0x00000000eab00000)
  object space 56320K, 30% used [0x00000000c0000000,0x00000000c1107a40,0x00000000c3700000)
 Metaspace       used 29537K, capacity 30082K, committed 30464K, reserved 1075200K
  class space    used 4017K, capacity 4240K, committed 4352K, reserved 1048576K
}
Event: 16.084 GC heap before
{Heap before GC invocations=7 (full 1):
 PSYoungGen      total 102400K, used 73080K [0x00000000eab00000, 0x00000000f4e80000, 0x0000000100000000)
  eden space 98304K, 70% used [0x00000000eab00000,0x00000000eee5e6d0,0x00000000f0b00000)
  from space 4096K, 99% used [0x00000000f0b00000,0x00000000f0effc30,0x00000000f0f00000)
  to   space 14336K, 0% used [0x00000000f4080000,0x00000000f4080000,0x00000000f4e80000)
 ParOldGen       total 56320K, used 17438K [0x00000000c0000000, 0x00000000c3700000, 0x00000000eab00000)
  object space 56320K, 30% used [0x00000000c0000000,0x00000000c1107a40,0x00000000c3700000)
 Metaspace       used 34485K, capacity 35233K, committed 35416K, reserved 1079296K
  class space    used 4722K, capacity 4992K, committed 4992K, reserved 1048576K
Event: 16.120 GC heap after
Heap after GC invocations=7 (full 1):
 PSYoungGen      total 151040K, used 11382K [0x00000000eab00000, 0x00000000f4e80000, 0x0000000100000000)
  eden space 136704K, 0% used [0x00000000eab00000,0x00000000eab00000,0x00000000f3080000)
  from space 14336K, 79% used [0x00000000f4080000,0x00000000f4b9d9f8,0x00000000f4e80000)
  to   space 15360K, 0% used [0x00000000f3080000,0x00000000f3080000,0x00000000f3f80000)
 ParOldGen       total 56320K, used 17446K [0x00000000c0000000, 0x00000000c3700000, 0x00000000eab00000)
  object space 56320K, 30% used [0x00000000c0000000,0x00000000c1109a40,0x00000000c3700000)
 Metaspace       used 34485K, capacity 35233K, committed 35416K, reserved 1079296K
  class space    used 4722K, capacity 4992K, committed 4992K, reserved 1048576K
}
Event: 16.120 GC heap before
{Heap before GC invocations=8 (full 2):
 PSYoungGen      total 151040K, used 11382K [0x00000000eab00000, 0x00000000f4e80000, 0x0000000100000000)
  eden space 136704K, 0% used [0x00000000eab00000,0x00000000eab00000,0x00000000f3080000)
  from space 14336K, 79% used [0x00000000f4080000,0x00000000f4b9d9f8,0x00000000f4e80000)
  to   space 15360K, 0% used [0x00000000f3080000,0x00000000f3080000,0x00000000f3f80000)
 ParOldGen       total 56320K, used 17446K [0x00000000c0000000, 0x00000000c3700000, 0x00000000eab00000)
  object space 56320K, 30% used [0x00000000c0000000,0x00000000c1109a40,0x00000000c3700000)
 Metaspace       used 34485K, capacity 35233K, committed 35416K, reserved 1079296K
  class space    used 4722K, capacity 4992K, committed 4992K, reserved 1048576K
Event: 16.258 GC heap after
Heap after GC invocations=8 (full 2):
 PSYoungGen      total 151040K, used 0K [0x00000000eab00000, 0x00000000f4e80000, 0x0000000100000000)
  eden space 136704K, 0% used [0x00000000eab00000,0x00000000eab00000,0x00000000f3080000)
  from space 14336K, 0% used [0x00000000f4080000,0x00000000f4080000,0x00000000f4e80000)
  to   space 15360K, 0% used [0x00000000f3080000,0x00000000f3080000,0x00000000f3f80000)
 ParOldGen       total 85504K, used 18540K [0x00000000c0000000, 0x00000000c5380000, 0x00000000eab00000)
  object space 85504K, 21% used [0x00000000c0000000,0x00000000c121b070,0x00000000c5380000)
 Metaspace       used 34434K, capacity 35101K, committed 35416K, reserved 1079296K
  class space    used 4709K, capacity 4948K, committed 4992K, reserved 1048576K
}
Event: 225.843 GC heap before
{Heap before GC invocations=9 (full 2):
 PSYoungGen      total 151040K, used 136704K [0x00000000eab00000, 0x00000000f4e80000, 0x0000000100000000)
  eden space 136704K, 100% used [0x00000000eab00000,0x00000000f3080000,0x00000000f3080000)
  from space 14336K, 0% used [0x00000000f4080000,0x00000000f4080000,0x00000000f4e80000)
  to   space 15360K, 0% used [0x00000000f3080000,0x00000000f3080000,0x00000000f3f80000)
 ParOldGen       total 85504K, used 18540K [0x00000000c0000000, 0x00000000c5380000, 0x00000000eab00000)
  object space 85504K, 21% used [0x00000000c0000000,0x00000000c121b070,0x00000000c5380000)
 Metaspace       used 40886K, capacity 42013K, committed 42200K, reserved 1085440K
  class space    used 5379K, capacity 5773K, committed 5888K, reserved 1048576K
Event: 225.862 GC heap after
Heap after GC invocations=9 (full 2):
 PSYoungGen      total 152064K, used 8119K [0x00000000eab00000, 0x00000000f8580000, 0x0000000100000000)
  eden space 136704K, 0% used [0x00000000eab00000,0x00000000eab00000,0x00000000f3080000)
  from space 15360K, 52% used [0x00000000f3080000,0x00000000f386dd88,0x00000000f3f80000)
  to   space 14848K, 0% used [0x00000000f7700000,0x00000000f7700000,0x00000000f8580000)
 ParOldGen       total 85504K, used 18620K [0x00000000c0000000, 0x00000000c5380000, 0x00000000eab00000)
  object space 85504K, 21% used [0x00000000c0000000,0x00000000c122f080,0x00000000c5380000)
 Metaspace       used 40886K, capacity 42013K, committed 42200K, reserved 1085440K
  class space    used 5379K, capacity 5773K, committed 5888K, reserved 1048576K
}

