# JRE version: Java(TM) SE Runtime Environment (8.0_161-b12) (build 1.8.0_161-b12)
# Java VM: Java HotSpot(TM) Client VM (25.161-b12 mixed mode windows-x86 )
Heap:
 def new generation   total 260928K, used 28992K [0x04800000, 0x16320000, 0x19d50000)
  eden space 231936K,   0% used [0x04800000, 0x04800000, 0x12a80000)
  from space 28992K, 100% used [0x146d0000, 0x16320000, 0x16320000)
  to   space 28992K,   0% used [0x12a80000, 0x12a80000, 0x146d0000)
 tenured generation   total 590504K, used 590392K [0x19d50000, 0x3ddfa000, 0x44800000)
   the space 590504K,  99% used [0x19d50000, 0x3ddde148, 0x29923c00, 0x3ddfa000)
 Metaspace       used 67491K, capacity 69298K, committed 69376K, reserved 70016K
GC Heap History (10 events):
Event: 12378.374 GC heap after
Heap after GC invocations=256 (full 16):
 def new generation   total 260928K, used 24968K [0x04800000, 0x16320000, 0x19d50000)
  eden space 231936K,   0% used [0x04800000, 0x04800000, 0x12a80000)
  from space 28992K,  86% used [0x12a80000, 0x142e2018, 0x146d0000)
  to   space 28992K,   0% used [0x146d0000, 0x146d0000, 0x16320000)
 tenured generation   total 579480K, used 537507K [0x19d50000, 0x3d336000, 0x44800000)
   the space 579480K,  92% used [0x19d50000, 0x3aa38ef0, 0x3aa39000, 0x3d336000)
 Metaspace       used 67281K, capacity 69081K, committed 69120K, reserved 70016K
}
Event: 12382.826 GC heap before
{Heap before GC invocations=256 (full 16):
 def new generation   total 260928K, used 256904K [0x04800000, 0x16320000, 0x19d50000)
  eden space 231936K, 100% used [0x04800000, 0x12a80000, 0x12a80000)
  from space 28992K,  86% used [0x12a80000, 0x142e2018, 0x146d0000)
  to   space 28992K,   0% used [0x146d0000, 0x146d0000, 0x16320000)
 tenured generation   total 579480K, used 537507K [0x19d50000, 0x3d336000, 0x44800000)
   the space 579480K,  92% used [0x19d50000, 0x3aa38ef0, 0x3aa39000, 0x3d336000)
 Metaspace       used 67301K, capacity 69084K, committed 69120K, reserved 70016K
Event: 12382.947 GC heap after
Heap after GC invocations=257 (full 16):
 def new generation   total 260928K, used 5641K [0x04800000, 0x16320000, 0x19d50000)
  eden space 231936K,   0% used [0x04800000, 0x04800000, 0x12a80000)
  from space 28992K,  19% used [0x146d0000, 0x14c52478, 0x16320000)
  to   space 28992K,   0% used [0x12a80000, 0x12a80000, 0x146d0000)
 tenured generation   total 579480K, used 561637K [0x19d50000, 0x3d336000, 0x44800000)
   the space 579480K,  96% used [0x19d50000, 0x3c1c9628, 0x3c1c9800, 0x3d336000)
 Metaspace       used 67301K, capacity 69084K, committed 69120K, reserved 70016K
}
Event: 12385.785 GC heap before
{Heap before GC invocations=257 (full 16):
 def new generation   total 260928K, used 237577K [0x04800000, 0x16320000, 0x19d50000)
  eden space 231936K, 100% used [0x04800000, 0x12a80000, 0x12a80000)
  from space 28992K,  19% used [0x146d0000, 0x14c52478, 0x16320000)
  to   space 28992K,   0% used [0x12a80000, 0x12a80000, 0x146d0000)
 tenured generation   total 579480K, used 561637K [0x19d50000, 0x3d336000, 0x44800000)
   the space 579480K,  96% used [0x19d50000, 0x3c1c9628, 0x3c1c9800, 0x3d336000)
 Metaspace       used 67301K, capacity 69084K, committed 69120K, reserved 70016K
Event: 12385.814 GC heap after
Heap after GC invocations=258 (full 16):
 def new generation   total 260928K, used 8142K [0x04800000, 0x16320000, 0x19d50000)
  eden space 231936K,   0% used [0x04800000, 0x04800000, 0x12a80000)
  from space 28992K,  28% used [0x12a80000, 0x13273b78, 0x146d0000)
  to   space 28992K,   0% used [0x146d0000, 0x146d0000, 0x16320000)
 tenured generation   total 579480K, used 561637K [0x19d50000, 0x3d336000, 0x44800000)
   the space 579480K,  96% used [0x19d50000, 0x3c1c9628, 0x3c1c9800, 0x3d336000)
 Metaspace       used 67301K, capacity 69084K, committed 69120K, reserved 70016K
}
Event: 12686.927 GC heap before
{Heap before GC invocations=258 (full 16):
 def new generation   total 260928K, used 240078K [0x04800000, 0x16320000, 0x19d50000)
  eden space 231936K, 100% used [0x04800000, 0x12a80000, 0x12a80000)
  from space 28992K,  28% used [0x12a80000, 0x13273b78, 0x146d0000)
  to   space 28992K,   0% used [0x146d0000, 0x146d0000, 0x16320000)
 tenured generation   total 579480K, used 561637K [0x19d50000, 0x3d336000, 0x44800000)
   the space 579480K,  96% used [0x19d50000, 0x3c1c9628, 0x3c1c9800, 0x3d336000)
 Metaspace       used 67316K, capacity 69104K, committed 69248K, reserved 70016K
Event: 12687.000 GC heap after
Heap after GC invocations=259 (full 16):
 def new generation   total 260928K, used 20151K [0x04800000, 0x16320000, 0x19d50000)
  eden space 231936K,   0% used [0x04800000, 0x04800000, 0x12a80000)
  from space 28992K,  69% used [0x146d0000, 0x15a7dc78, 0x16320000)
  to   space 28992K,   0% used [0x12a80000, 0x12a80000, 0x146d0000)
 tenured generation   total 579480K, used 561637K [0x19d50000, 0x3d336000, 0x44800000)
   the space 579480K,  96% used [0x19d50000, 0x3c1c9628, 0x3c1c9800, 0x3d336000)
 Metaspace       used 67316K, capacity 69104K, committed 69248K, reserved 70016K
}
Event: 12692.251 GC heap before
{Heap before GC invocations=259 (full 16):
 def new generation   total 260928K, used 252087K [0x04800000, 0x16320000, 0x19d50000)
  eden space 231936K, 100% used [0x04800000, 0x12a80000, 0x12a80000)
  from space 28992K,  69% used [0x146d0000, 0x15a7dc78, 0x16320000)
  to   space 28992K,   0% used [0x12a80000, 0x12a80000, 0x146d0000)
 tenured generation   total 579480K, used 561637K [0x19d50000, 0x3d336000, 0x44800000)
   the space 579480K,  96% used [0x19d50000, 0x3c1c9628, 0x3c1c9800, 0x3d336000)
 Metaspace       used 67316K, capacity 69104K, committed 69248K, reserved 70016K
Event: 12692.295 GC heap after
Heap after GC invocations=260 (full 16):
 def new generation   total 260928K, used 2589K [0x04800000, 0x16320000, 0x19d50000)
  eden space 231936K,   0% used [0x04800000, 0x04800000, 0x12a80000)
  from space 28992K,   8% used [0x12a80000, 0x12d07418, 0x146d0000)
  to   space 28992K,   0% used [0x146d0000, 0x146d0000, 0x16320000)
 tenured generation   total 579480K, used 570626K [0x19d50000, 0x3d336000, 0x44800000)
   the space 579480K,  98% used [0x19d50000, 0x3ca90ab8, 0x3ca90c00, 0x3d336000)
 Metaspace       used 67316K, capacity 69104K, committed 69248K, reserved 70016K
}
Event: 12697.390 GC heap before
{Heap before GC invocations=260 (full 16):
 def new generation   total 260928K, used 234525K [0x04800000, 0x16320000, 0x19d50000)
  eden space 231936K, 100% used [0x04800000, 0x12a80000, 0x12a80000)
  from space 28992K,   8% used [0x12a80000, 0x12d07418, 0x146d0000)
  to   space 28992K,   0% used [0x146d0000, 0x146d0000, 0x16320000)
 tenured generation   total 579480K, used 570626K [0x19d50000, 0x3d336000, 0x44800000)
   the space 579480K,  98% used [0x19d50000, 0x3ca90ab8, 0x3ca90c00, 0x3d336000)
 Metaspace       used 67491K, capacity 69298K, committed 69376K, reserved 70016K

