# JRE version: OpenJDK Runtime Environment (8.0_112-b06) (build 1.8.0_112-release-b06)
# Java VM: OpenJDK 64-Bit Server VM (25.112-b06 mixed mode windows-amd64 compressed oops)
Heap:
 PSYoungGen      total 292864K, used 193634K [0x00000000e0000000, 0x00000000f7180000, 0x0000000100000000)
  eden space 268288K, 67% used [0x00000000e0000000,0x00000000eb1a1048,0x00000000f0600000)
  from space 24576K, 47% used [0x00000000f0600000,0x00000000f1177838,0x00000000f1e00000)
  to   space 24064K, 0% used [0x00000000f5a00000,0x00000000f5a00000,0x00000000f7180000)
 ParOldGen       total 105472K, used 44918K [0x00000000a0000000, 0x00000000a6700000, 0x00000000e0000000)
  object space 105472K, 42% used [0x00000000a0000000,0x00000000a2bdd818,0x00000000a6700000)
 Metaspace       used 64956K, capacity 67888K, committed 68056K, reserved 1107968K
  class space    used 8543K, capacity 9149K, committed 9216K, reserved 1048576K
GC Heap History (10 events):
Event: 16.129 GC heap before
{Heap before GC invocations=12 (full 2):
 PSYoungGen      total 170496K, used 170455K [0x00000000e0000000, 0x00000000ee900000, 0x0000000100000000)
  eden space 157696K, 100% used [0x00000000e0000000,0x00000000e9a00000,0x00000000e9a00000)
  from space 12800K, 99% used [0x00000000e9a00000,0x00000000ea675c70,0x00000000ea680000)
  to   space 14848K, 0% used [0x00000000eda80000,0x00000000eda80000,0x00000000ee900000)
 ParOldGen       total 54272K, used 14137K [0x00000000a0000000, 0x00000000a3500000, 0x00000000e0000000)
  object space 54272K, 26% used [0x00000000a0000000,0x00000000a0dce638,0x00000000a3500000)
 Metaspace       used 45455K, capacity 46602K, committed 46848K, reserved 1089536K
  class space    used 6048K, capacity 6345K, committed 6400K, reserved 1048576K
Event: 16.185 GC heap after
Heap after GC invocations=12 (full 2):
 PSYoungGen      total 221696K, used 14825K [0x00000000e0000000, 0x00000000eeb00000, 0x0000000100000000)
  eden space 206848K, 0% used [0x00000000e0000000,0x00000000e0000000,0x00000000eca00000)
  from space 14848K, 99% used [0x00000000eda80000,0x00000000ee8fa658,0x00000000ee900000)
  to   space 16896K, 0% used [0x00000000eca00000,0x00000000eca00000,0x00000000eda80000)
 ParOldGen       total 54272K, used 15015K [0x00000000a0000000, 0x00000000a3500000, 0x00000000e0000000)
  object space 54272K, 27% used [0x00000000a0000000,0x00000000a0ea9ff0,0x00000000a3500000)
 Metaspace       used 45455K, capacity 46602K, committed 46848K, reserved 1089536K
  class space    used 6048K, capacity 6345K, committed 6400K, reserved 1048576K
}
Event: 22.289 GC heap before
{Heap before GC invocations=13 (full 2):
 PSYoungGen      total 221696K, used 221673K [0x00000000e0000000, 0x00000000eeb00000, 0x0000000100000000)
  eden space 206848K, 100% used [0x00000000e0000000,0x00000000eca00000,0x00000000eca00000)
  from space 14848K, 99% used [0x00000000eda80000,0x00000000ee8fa658,0x00000000ee900000)
  to   space 16896K, 0% used [0x00000000eca00000,0x00000000eca00000,0x00000000eda80000)
 ParOldGen       total 54272K, used 15015K [0x00000000a0000000, 0x00000000a3500000, 0x00000000e0000000)
  object space 54272K, 27% used [0x00000000a0000000,0x00000000a0ea9ff0,0x00000000a3500000)
 Metaspace       used 53795K, capacity 56094K, committed 56192K, reserved 1097728K
  class space    used 7290K, capacity 7784K, committed 7808K, reserved 1048576K
Event: 22.466 GC heap after
Heap after GC invocations=13 (full 2):
 PSYoungGen      total 223744K, used 16878K [0x00000000e0000000, 0x00000000f3980000, 0x0000000100000000)
  eden space 206848K, 0% used [0x00000000e0000000,0x00000000e0000000,0x00000000eca00000)
  from space 16896K, 99% used [0x00000000eca00000,0x00000000eda7baf8,0x00000000eda80000)
  to   space 25600K, 0% used [0x00000000f2080000,0x00000000f2080000,0x00000000f3980000)
 ParOldGen       total 54272K, used 31527K [0x00000000a0000000, 0x00000000a3500000, 0x00000000e0000000)
  object space 54272K, 58% used [0x00000000a0000000,0x00000000a1ec9e40,0x00000000a3500000)
 Metaspace       used 53795K, capacity 56094K, committed 56192K, reserved 1097728K
  class space    used 7290K, capacity 7784K, committed 7808K, reserved 1048576K
}
Event: 25.248 GC heap before
{Heap before GC invocations=14 (full 2):
 PSYoungGen      total 223744K, used 114096K [0x00000000e0000000, 0x00000000f3980000, 0x0000000100000000)
  eden space 206848K, 46% used [0x00000000e0000000,0x00000000e5ef07a8,0x00000000eca00000)
  from space 16896K, 99% used [0x00000000eca00000,0x00000000eda7baf8,0x00000000eda80000)
  to   space 25600K, 0% used [0x00000000f2080000,0x00000000f2080000,0x00000000f3980000)
 ParOldGen       total 54272K, used 31527K [0x00000000a0000000, 0x00000000a3500000, 0x00000000e0000000)
  object space 54272K, 58% used [0x00000000a0000000,0x00000000a1ec9e40,0x00000000a3500000)
 Metaspace       used 56650K, capacity 59040K, committed 59096K, reserved 1099776K
  class space    used 7634K, capacity 8181K, committed 8192K, reserved 1048576K
Event: 25.324 GC heap after
Heap after GC invocations=14 (full 2):
 PSYoungGen      total 290304K, used 6731K [0x00000000e0000000, 0x00000000f3600000, 0x0000000100000000)
  eden space 268288K, 0% used [0x00000000e0000000,0x00000000e0000000,0x00000000f0600000)
  from space 22016K, 30% used [0x00000000f2080000,0x00000000f2712c90,0x00000000f3600000)
  to   space 24576K, 0% used [0x00000000f0600000,0x00000000f0600000,0x00000000f1e00000)
 ParOldGen       total 54272K, used 48347K [0x00000000a0000000, 0x00000000a3500000, 0x00000000e0000000)
  object space 54272K, 89% used [0x00000000a0000000,0x00000000a2f36ed0,0x00000000a3500000)
 Metaspace       used 56650K, capacity 59040K, committed 59096K, reserved 1099776K
  class space    used 7634K, capacity 8181K, committed 8192K, reserved 1048576K
}
Event: 25.324 GC heap before
{Heap before GC invocations=15 (full 3):
 PSYoungGen      total 290304K, used 6731K [0x00000000e0000000, 0x00000000f3600000, 0x0000000100000000)
  eden space 268288K, 0% used [0x00000000e0000000,0x00000000e0000000,0x00000000f0600000)
  from space 22016K, 30% used [0x00000000f2080000,0x00000000f2712c90,0x00000000f3600000)
  to   space 24576K, 0% used [0x00000000f0600000,0x00000000f0600000,0x00000000f1e00000)
 ParOldGen       total 54272K, used 48347K [0x00000000a0000000, 0x00000000a3500000, 0x00000000e0000000)
  object space 54272K, 89% used [0x00000000a0000000,0x00000000a2f36ed0,0x00000000a3500000)
 Metaspace       used 56650K, capacity 59040K, committed 59096K, reserved 1099776K
  class space    used 7634K, capacity 8181K, committed 8192K, reserved 1048576K
Event: 26.087 GC heap after
Heap after GC invocations=15 (full 3):
 PSYoungGen      total 290304K, used 0K [0x00000000e0000000, 0x00000000f3600000, 0x0000000100000000)
  eden space 268288K, 0% used [0x00000000e0000000,0x00000000e0000000,0x00000000f0600000)
  from space 22016K, 0% used [0x00000000f2080000,0x00000000f2080000,0x00000000f3600000)
  to   space 24576K, 0% used [0x00000000f0600000,0x00000000f0600000,0x00000000f1e00000)
 ParOldGen       total 105472K, used 44910K [0x00000000a0000000, 0x00000000a6700000, 0x00000000e0000000)
  object space 105472K, 42% used [0x00000000a0000000,0x00000000a2bdb818,0x00000000a6700000)
 Metaspace       used 56650K, capacity 59040K, committed 59096K, reserved 1099776K
  class space    used 7634K, capacity 8181K, committed 8192K, reserved 1048576K
}
Event: 47.020 GC heap before
{Heap before GC invocations=16 (full 3):
 PSYoungGen      total 290304K, used 268288K [0x00000000e0000000, 0x00000000f3600000, 0x0000000100000000)
  eden space 268288K, 100% used [0x00000000e0000000,0x00000000f0600000,0x00000000f0600000)
  from space 22016K, 0% used [0x00000000f2080000,0x00000000f2080000,0x00000000f3600000)
  to   space 24576K, 0% used [0x00000000f0600000,0x00000000f0600000,0x00000000f1e00000)
 ParOldGen       total 105472K, used 44910K [0x00000000a0000000, 0x00000000a6700000, 0x00000000e0000000)
  object space 105472K, 42% used [0x00000000a0000000,0x00000000a2bdb818,0x00000000a6700000)
 Metaspace       used 62234K, capacity 65154K, committed 65240K, reserved 1105920K
  class space    used 8302K, capacity 8904K, committed 8960K, reserved 1048576K
Event: 47.061 GC heap after
Heap after GC invocations=16 (full 3):
 PSYoungGen      total 292864K, used 11742K [0x00000000e0000000, 0x00000000f7180000, 0x0000000100000000)
  eden space 268288K, 0% used [0x00000000e0000000,0x00000000e0000000,0x00000000f0600000)
  from space 24576K, 47% used [0x00000000f0600000,0x00000000f1177838,0x00000000f1e00000)
  to   space 24064K, 0% used [0x00000000f5a00000,0x00000000f5a00000,0x00000000f7180000)
 ParOldGen       total 105472K, used 44918K [0x00000000a0000000, 0x00000000a6700000, 0x00000000e0000000)
  object space 105472K, 42% used [0x00000000a0000000,0x00000000a2bdd818,0x00000000a6700000)
 Metaspace       used 62234K, capacity 65154K, committed 65240K, reserved 1105920K
  class space    used 8302K, capacity 8904K, committed 8960K, reserved 1048576K
}

