# JRE version: OpenJDK Runtime Environment (8.0_152-b01) (build 1.8.0_152-release-915-b01)
# Java VM: OpenJDK 64-Bit Server VM (25.152-b01 mixed mode windows-amd64 compressed oops)
Heap:
 PSYoungGen      total 297984K, used 294565K [0x00000000eab00000, 0x00000000ff300000, 0x0000000100000000)
  eden space 268288K, 100% used [0x00000000eab00000,0x00000000fb100000,0x00000000fb100000)
  from space 29696K, 88% used [0x00000000fd600000,0x00000000fefa97a0,0x00000000ff300000)
  to   space 33792K, 78% used [0x00000000fb100000,0x00000000fcac1340,0x00000000fd200000)
 ParOldGen       total 133632K, used 40169K [0x00000000c0000000, 0x00000000c8280000, 0x00000000eab00000)
  object space 133632K, 30% used [0x00000000c0000000,0x00000000c273a538,0x00000000c8280000)
 Metaspace       used 66893K, capacity 69218K, committed 69376K, reserved 1110016K
  class space    used 8824K, capacity 9458K, committed 9472K, reserved 1048576K
GC Heap History (10 events):
Event: 99.828 GC heap after
Heap after GC invocations=13 (full 2):
 PSYoungGen      total 221696K, used 15344K [0x00000000eab00000, 0x00000000fbc80000, 0x0000000100000000)
  eden space 206336K, 0% used [0x00000000eab00000,0x00000000eab00000,0x00000000f7480000)
  from space 15360K, 99% used [0x00000000f7480000,0x00000000f837c138,0x00000000f8380000)
  to   space 20480K, 0% used [0x00000000fa880000,0x00000000fa880000,0x00000000fbc80000)
 ParOldGen       total 88064K, used 26288K [0x00000000c0000000, 0x00000000c5600000, 0x00000000eab00000)
  object space 88064K, 29% used [0x00000000c0000000,0x00000000c19ac100,0x00000000c5600000)
 Metaspace       used 51408K, capacity 52626K, committed 52736K, reserved 1095680K
  class space    used 6701K, capacity 7143K, committed 7168K, reserved 1048576K
}
Event: 103.759 GC heap before
{Heap before GC invocations=14 (full 2):
 PSYoungGen      total 221696K, used 218156K [0x00000000eab00000, 0x00000000fbc80000, 0x0000000100000000)
  eden space 206336K, 98% used [0x00000000eab00000,0x00000000f710f150,0x00000000f7480000)
  from space 15360K, 99% used [0x00000000f7480000,0x00000000f837c138,0x00000000f8380000)
  to   space 20480K, 0% used [0x00000000fa880000,0x00000000fa880000,0x00000000fbc80000)
 ParOldGen       total 88064K, used 26288K [0x00000000c0000000, 0x00000000c5600000, 0x00000000eab00000)
  object space 88064K, 29% used [0x00000000c0000000,0x00000000c19ac100,0x00000000c5600000)
 Metaspace       used 57564K, capacity 58962K, committed 59028K, reserved 1099776K
  class space    used 7515K, capacity 8013K, committed 8064K, reserved 1048576K
Event: 103.810 GC heap after
Heap after GC invocations=14 (full 2):
 PSYoungGen      total 254464K, used 20449K [0x00000000eab00000, 0x00000000fc900000, 0x0000000100000000)
  eden space 233984K, 0% used [0x00000000eab00000,0x00000000eab00000,0x00000000f8f80000)
  from space 20480K, 99% used [0x00000000fa880000,0x00000000fbc78628,0x00000000fbc80000)
  to   space 25600K, 0% used [0x00000000f8f80000,0x00000000f8f80000,0x00000000fa880000)
 ParOldGen       total 88064K, used 30658K [0x00000000c0000000, 0x00000000c5600000, 0x00000000eab00000)
  object space 88064K, 34% used [0x00000000c0000000,0x00000000c1df0870,0x00000000c5600000)
 Metaspace       used 57564K, capacity 58962K, committed 59028K, reserved 1099776K
  class space    used 7515K, capacity 8013K, committed 8064K, reserved 1048576K
}
Event: 103.810 GC heap before
{Heap before GC invocations=15 (full 3):
 PSYoungGen      total 254464K, used 20449K [0x00000000eab00000, 0x00000000fc900000, 0x0000000100000000)
  eden space 233984K, 0% used [0x00000000eab00000,0x00000000eab00000,0x00000000f8f80000)
  from space 20480K, 99% used [0x00000000fa880000,0x00000000fbc78628,0x00000000fbc80000)
  to   space 25600K, 0% used [0x00000000f8f80000,0x00000000f8f80000,0x00000000fa880000)
 ParOldGen       total 88064K, used 30658K [0x00000000c0000000, 0x00000000c5600000, 0x00000000eab00000)
  object space 88064K, 34% used [0x00000000c0000000,0x00000000c1df0870,0x00000000c5600000)
 Metaspace       used 57564K, capacity 58962K, committed 59028K, reserved 1099776K
  class space    used 7515K, capacity 8013K, committed 8064K, reserved 1048576K
Event: 104.195 GC heap after
Heap after GC invocations=15 (full 3):
 PSYoungGen      total 254464K, used 0K [0x00000000eab00000, 0x00000000fc900000, 0x0000000100000000)
  eden space 233984K, 0% used [0x00000000eab00000,0x00000000eab00000,0x00000000f8f80000)
  from space 20480K, 0% used [0x00000000fa880000,0x00000000fa880000,0x00000000fbc80000)
  to   space 25600K, 0% used [0x00000000f8f80000,0x00000000f8f80000,0x00000000fa880000)
 ParOldGen       total 133632K, used 39778K [0x00000000c0000000, 0x00000000c8280000, 0x00000000eab00000)
  object space 133632K, 29% used [0x00000000c0000000,0x00000000c26d8a20,0x00000000c8280000)
 Metaspace       used 57478K, capacity 58788K, committed 59028K, reserved 1099776K
  class space    used 7492K, capacity 7960K, committed 8064K, reserved 1048576K
}
Event: 179.983 GC heap before
{Heap before GC invocations=16 (full 3):
 PSYoungGen      total 254464K, used 233984K [0x00000000eab00000, 0x00000000fc900000, 0x0000000100000000)
  eden space 233984K, 100% used [0x00000000eab00000,0x00000000f8f80000,0x00000000f8f80000)
  from space 20480K, 0% used [0x00000000fa880000,0x00000000fa880000,0x00000000fbc80000)
  to   space 25600K, 0% used [0x00000000f8f80000,0x00000000f8f80000,0x00000000fa880000)
 ParOldGen       total 133632K, used 39778K [0x00000000c0000000, 0x00000000c8280000, 0x00000000eab00000)
  object space 133632K, 29% used [0x00000000c0000000,0x00000000c26d8a20,0x00000000c8280000)
 Metaspace       used 64576K, capacity 66682K, committed 66816K, reserved 1107968K
  class space    used 8656K, capacity 9191K, committed 9216K, reserved 1048576K
Event: 180.052 GC heap after
Heap after GC invocations=16 (full 3):
 PSYoungGen      total 259584K, used 25579K [0x00000000eab00000, 0x00000000ff380000, 0x0000000100000000)
  eden space 233984K, 0% used [0x00000000eab00000,0x00000000eab00000,0x00000000f8f80000)
  from space 25600K, 99% used [0x00000000f8f80000,0x00000000fa87acc8,0x00000000fa880000)
  to   space 30208K, 0% used [0x00000000fd600000,0x00000000fd600000,0x00000000ff380000)
 ParOldGen       total 133632K, used 40153K [0x00000000c0000000, 0x00000000c8280000, 0x00000000eab00000)
  object space 133632K, 30% used [0x00000000c0000000,0x00000000c2736538,0x00000000c8280000)
 Metaspace       used 64576K, capacity 66682K, committed 66816K, reserved 1107968K
  class space    used 8656K, capacity 9191K, committed 9216K, reserved 1048576K
}
Event: 537.053 GC heap before
{Heap before GC invocations=17 (full 3):
 PSYoungGen      total 259584K, used 259563K [0x00000000eab00000, 0x00000000ff380000, 0x0000000100000000)
  eden space 233984K, 100% used [0x00000000eab00000,0x00000000f8f80000,0x00000000f8f80000)
  from space 25600K, 99% used [0x00000000f8f80000,0x00000000fa87acc8,0x00000000fa880000)
  to   space 30208K, 0% used [0x00000000fd600000,0x00000000fd600000,0x00000000ff380000)
 ParOldGen       total 133632K, used 40153K [0x00000000c0000000, 0x00000000c8280000, 0x00000000eab00000)
  object space 133632K, 30% used [0x00000000c0000000,0x00000000c2736538,0x00000000c8280000)
 Metaspace       used 66293K, capacity 68720K, committed 68864K, reserved 1107968K
  class space    used 8795K, capacity 9423K, committed 9472K, reserved 1048576K
Event: 537.114 GC heap after
Heap after GC invocations=17 (full 3):
 PSYoungGen      total 297984K, used 26277K [0x00000000eab00000, 0x00000000ff300000, 0x0000000100000000)
  eden space 268288K, 0% used [0x00000000eab00000,0x00000000eab00000,0x00000000fb100000)
  from space 29696K, 88% used [0x00000000fd600000,0x00000000fefa97a0,0x00000000ff300000)
  to   space 33792K, 0% used [0x00000000fb100000,0x00000000fb100000,0x00000000fd200000)
 ParOldGen       total 133632K, used 40161K [0x00000000c0000000, 0x00000000c8280000, 0x00000000eab00000)
  object space 133632K, 30% used [0x00000000c0000000,0x00000000c2738538,0x00000000c8280000)
 Metaspace       used 66293K, capacity 68720K, committed 68864K, reserved 1107968K
  class space    used 8795K, capacity 9423K, committed 9472K, reserved 1048576K
}
Event: 712.969 GC heap before
{Heap before GC invocations=18 (full 3):
 PSYoungGen      total 297984K, used 294565K [0x00000000eab00000, 0x00000000ff300000, 0x0000000100000000)
  eden space 268288K, 100% used [0x00000000eab00000,0x00000000fb100000,0x00000000fb100000)
  from space 29696K, 88% used [0x00000000fd600000,0x00000000fefa97a0,0x00000000ff300000)
  to   space 33792K, 0% used [0x00000000fb100000,0x00000000fb100000,0x00000000fd200000)
 ParOldGen       total 133632K, used 40161K [0x00000000c0000000, 0x00000000c8280000, 0x00000000eab00000)
  object space 133632K, 30% used [0x00000000c0000000,0x00000000c2738538,0x00000000c8280000)
 Metaspace       used 66893K, capacity 69218K, committed 69376K, reserved 1110016K
  class space    used 8824K, capacity 9458K, committed 9472K, reserved 1048576K

