# JRE version: Java(TM) SE Runtime Environment (8.0_161-b12) (build 1.8.0_161-b12)
# Java VM: Java HotSpot(TM) Client VM (25.161-b12 mixed mode windows-x86 )
Heap:
 def new generation   total 153152K, used 153152K [0x04800000, 0x0ee20000, 0x19d50000)
  eden space 136192K, 100% used [0x04800000, 0x0cd00000, 0x0cd00000)
  from space 16960K, 100% used [0x0cd00000, 0x0dd90000, 0x0dd90000)
  to   space 16960K,  99% used [0x0dd90000, 0x0ee1fff8, 0x0ee20000)
 tenured generation   total 357012K, used 356995K [0x19d50000, 0x2f9f5000, 0x44800000)
   the space 357012K,  99% used [0x19d50000, 0x2f9f0c60, 0x2f9f0e00, 0x2f9f5000)
 Metaspace       used 66251K, capacity 68547K, committed 68608K, reserved 68992K
GC Heap History (10 events):
Event: 949.903 GC heap after
Heap after GC invocations=482 (full 17):
 def new generation   total 153152K, used 10974K [0x04800000, 0x0ee20000, 0x19d50000)
  eden space 136192K,   0% used [0x04800000, 0x04800000, 0x0cd00000)
  from space 16960K,  64% used [0x0cd00000, 0x0d7b79b8, 0x0dd90000)
  to   space 16960K,   0% used [0x0dd90000, 0x0dd90000, 0x0ee20000)
 tenured generation   total 339860K, used 201906K [0x19d50000, 0x2e935000, 0x44800000)
   the space 339860K,  59% used [0x19d50000, 0x2627c960, 0x2627ca00, 0x2e935000)
 Metaspace       used 66246K, capacity 68540K, committed 68608K, reserved 68992K
}
Event: 951.505 GC heap before
{Heap before GC invocations=482 (full 17):
 def new generation   total 153152K, used 147166K [0x04800000, 0x0ee20000, 0x19d50000)
  eden space 136192K, 100% used [0x04800000, 0x0cd00000, 0x0cd00000)
  from space 16960K,  64% used [0x0cd00000, 0x0d7b79b8, 0x0dd90000)
  to   space 16960K,   0% used [0x0dd90000, 0x0dd90000, 0x0ee20000)
 tenured generation   total 339860K, used 201906K [0x19d50000, 0x2e935000, 0x44800000)
   the space 339860K,  59% used [0x19d50000, 0x2627c960, 0x2627ca00, 0x2e935000)
 Metaspace       used 66246K, capacity 68540K, committed 68608K, reserved 68992K
Event: 951.537 GC heap after
Heap after GC invocations=483 (full 17):
 def new generation   total 153152K, used 4200K [0x04800000, 0x0ee20000, 0x19d50000)
  eden space 136192K,   0% used [0x04800000, 0x04800000, 0x0cd00000)
  from space 16960K,  24% used [0x0dd90000, 0x0e1aa0d8, 0x0ee20000)
  to   space 16960K,   0% used [0x0cd00000, 0x0cd00000, 0x0dd90000)
 tenured generation   total 339860K, used 206576K [0x19d50000, 0x2e935000, 0x44800000)
   the space 339860K,  60% used [0x19d50000, 0x2670c0b8, 0x2670c200, 0x2e935000)
 Metaspace       used 66246K, capacity 68540K, committed 68608K, reserved 68992K
}
Event: 954.974 GC heap before
{Heap before GC invocations=483 (full 17):
 def new generation   total 153152K, used 140392K [0x04800000, 0x0ee20000, 0x19d50000)
  eden space 136192K, 100% used [0x04800000, 0x0cd00000, 0x0cd00000)
  from space 16960K,  24% used [0x0dd90000, 0x0e1aa0d8, 0x0ee20000)
  to   space 16960K,   0% used [0x0cd00000, 0x0cd00000, 0x0dd90000)
 tenured generation   total 339860K, used 206576K [0x19d50000, 0x2e935000, 0x44800000)
   the space 339860K,  60% used [0x19d50000, 0x2670c0b8, 0x2670c200, 0x2e935000)
 Metaspace       used 66246K, capacity 68540K, committed 68608K, reserved 68992K
Event: 955.014 GC heap after
Heap after GC invocations=484 (full 17):
 def new generation   total 153152K, used 9681K [0x04800000, 0x0ee20000, 0x19d50000)
  eden space 136192K,   0% used [0x04800000, 0x04800000, 0x0cd00000)
  from space 16960K,  57% used [0x0cd00000, 0x0d674590, 0x0dd90000)
  to   space 16960K,   0% used [0x0dd90000, 0x0dd90000, 0x0ee20000)
 tenured generation   total 339860K, used 206576K [0x19d50000, 0x2e935000, 0x44800000)
   the space 339860K,  60% used [0x19d50000, 0x2670c0b8, 0x2670c200, 0x2e935000)
 Metaspace       used 66246K, capacity 68540K, committed 68608K, reserved 68992K
}
Event: 956.495 GC heap before
{Heap before GC invocations=484 (full 17):
 def new generation   total 153152K, used 145763K [0x04800000, 0x0ee20000, 0x19d50000)
  eden space 136192K,  99% used [0x04800000, 0x0cce47e0, 0x0cd00000)
  from space 16960K,  57% used [0x0cd00000, 0x0d674590, 0x0dd90000)
  to   space 16960K,   0% used [0x0dd90000, 0x0dd90000, 0x0ee20000)
 tenured generation   total 339860K, used 206576K [0x19d50000, 0x2e935000, 0x44800000)
   the space 339860K,  60% used [0x19d50000, 0x2670c0b8, 0x2670c200, 0x2e935000)
 Metaspace       used 66251K, capacity 68547K, committed 68608K, reserved 68992K
Event: 956.543 GC heap after
Heap after GC invocations=485 (full 17):
 def new generation   total 153152K, used 16960K [0x04800000, 0x0ee20000, 0x19d50000)
  eden space 136192K,   0% used [0x04800000, 0x04800000, 0x0cd00000)
  from space 16960K, 100% used [0x0dd90000, 0x0ee20000, 0x0ee20000)
  to   space 16960K,   0% used [0x0cd00000, 0x0cd00000, 0x0dd90000)
 tenured generation   total 339860K, used 229197K [0x19d50000, 0x2e935000, 0x44800000)
   the space 339860K,  67% used [0x19d50000, 0x27d23760, 0x27d23800, 0x2e935000)
 Metaspace       used 66251K, capacity 68547K, committed 68608K, reserved 68992K
}
Event: 957.160 GC heap before
{Heap before GC invocations=485 (full 17):
 def new generation   total 153152K, used 153152K [0x04800000, 0x0ee20000, 0x19d50000)
  eden space 136192K, 100% used [0x04800000, 0x0cd00000, 0x0cd00000)
  from space 16960K, 100% used [0x0dd90000, 0x0ee20000, 0x0ee20000)
  to   space 16960K,   0% used [0x0cd00000, 0x0cd00000, 0x0dd90000)
 tenured generation   total 339860K, used 229197K [0x19d50000, 0x2e935000, 0x44800000)
   the space 339860K,  67% used [0x19d50000, 0x27d23760, 0x27d23800, 0x2e935000)
 Metaspace       used 66251K, capacity 68547K, committed 68608K, reserved 68992K
Event: 957.376 GC heap after
Heap after GC invocations=486 (full 17):
 def new generation   total 153152K, used 16960K [0x04800000, 0x0ee20000, 0x19d50000)
  eden space 136192K,   0% used [0x04800000, 0x04800000, 0x0cd00000)
  from space 16960K, 100% used [0x0cd00000, 0x0dd90000, 0x0dd90000)
  to   space 16960K,   0% used [0x0dd90000, 0x0dd90000, 0x0ee20000)
 tenured generation   total 339860K, used 282784K [0x19d50000, 0x2e935000, 0x44800000)
   the space 339860K,  83% used [0x19d50000, 0x2b178050, 0x2b178200, 0x2e935000)
 Metaspace       used 66251K, capacity 68547K, committed 68608K, reserved 68992K
}
Event: 957.724 GC heap before
{Heap before GC invocations=486 (full 17):
 def new generation   total 153152K, used 153152K [0x04800000, 0x0ee20000, 0x19d50000)
  eden space 136192K, 100% used [0x04800000, 0x0cd00000, 0x0cd00000)
  from space 16960K, 100% used [0x0cd00000, 0x0dd90000, 0x0dd90000)
  to   space 16960K,   0% used [0x0dd90000, 0x0dd90000, 0x0ee20000)
 tenured generation   total 339860K, used 282784K [0x19d50000, 0x2e935000, 0x44800000)
   the space 339860K,  83% used [0x19d50000, 0x2b178050, 0x2b178200, 0x2e935000)
 Metaspace       used 66251K, capacity 68547K, committed 68608K, reserved 68992K

