# JRE version: Java(TM) SE Runtime Environment (8.0_161-b12) (build 1.8.0_161-b12)
# Java VM: Java HotSpot(TM) Client VM (25.161-b12 mixed mode windows-x86 )
Heap:
 def new generation   total 314560K, used 97888K [0x04800000, 0x19d50000, 0x19d50000)
  eden space 279616K,  22% used [0x04800000, 0x085782b0, 0x15910000)
  from space 34944K, 100% used [0x15910000, 0x17b30000, 0x17b30000)
  to   space 34944K,   0% used [0x17b30000, 0x17b30000, 0x19d50000)
 tenured generation   total 699072K, used 582992K [0x19d50000, 0x44800000, 0x44800000)
   the space 699072K,  83% used [0x19d50000, 0x3d6a4030, 0x3d6a4200, 0x44800000)
 Metaspace       used 63890K, capacity 65796K, committed 71168K, reserved 72064K
GC Heap History (10 events):
Event: 2579.500 GC heap before
{Heap before GC invocations=347 (full 20):
 def new generation   total 314560K, used 279635K [0x04800000, 0x19d50000, 0x19d50000)
  eden space 279616K, 100% used [0x04800000, 0x15910000, 0x15910000)
  from space 34944K,   0% used [0x17b30000, 0x17b34ea0, 0x19d50000)
  to   space 34944K,   0% used [0x15910000, 0x15910000, 0x17b30000)
 tenured generation   total 699072K, used 433870K [0x19d50000, 0x44800000, 0x44800000)
   the space 699072K,  62% used [0x19d50000, 0x34503850, 0x34503a00, 0x44800000)
 Metaspace       used 63889K, capacity 65796K, committed 71168K, reserved 72064K
Event: 2579.504 GC heap after
Heap after GC invocations=348 (full 20):
 def new generation   total 314560K, used 23K [0x04800000, 0x19d50000, 0x19d50000)
  eden space 279616K,   0% used [0x04800000, 0x04800000, 0x15910000)
  from space 34944K,   0% used [0x15910000, 0x15915e30, 0x17b30000)
  to   space 34944K,   0% used [0x17b30000, 0x17b30000, 0x19d50000)
 tenured generation   total 699072K, used 433870K [0x19d50000, 0x44800000, 0x44800000)
   the space 699072K,  62% used [0x19d50000, 0x34503850, 0x34503a00, 0x44800000)
 Metaspace       used 63889K, capacity 65796K, committed 71168K, reserved 72064K
}
Event: 2580.041 GC heap before
{Heap before GC invocations=348 (full 20):
 def new generation   total 314560K, used 279639K [0x04800000, 0x19d50000, 0x19d50000)
  eden space 279616K, 100% used [0x04800000, 0x15910000, 0x15910000)
  from space 34944K,   0% used [0x15910000, 0x15915e30, 0x17b30000)
  to   space 34944K,   0% used [0x17b30000, 0x17b30000, 0x19d50000)
 tenured generation   total 699072K, used 433870K [0x19d50000, 0x44800000, 0x44800000)
   the space 699072K,  62% used [0x19d50000, 0x34503850, 0x34503a00, 0x44800000)
 Metaspace       used 63889K, capacity 65796K, committed 71168K, reserved 72064K
Event: 2580.045 GC heap after
Heap after GC invocations=349 (full 20):
 def new generation   total 314560K, used 27K [0x04800000, 0x19d50000, 0x19d50000)
  eden space 279616K,   0% used [0x04800000, 0x04800000, 0x15910000)
  from space 34944K,   0% used [0x17b30000, 0x17b36d90, 0x19d50000)
  to   space 34944K,   0% used [0x15910000, 0x15910000, 0x17b30000)
 tenured generation   total 699072K, used 433870K [0x19d50000, 0x44800000, 0x44800000)
   the space 699072K,  62% used [0x19d50000, 0x34503850, 0x34503a00, 0x44800000)
 Metaspace       used 63889K, capacity 65796K, committed 71168K, reserved 72064K
}
Event: 2580.578 GC heap before
{Heap before GC invocations=349 (full 20):
 def new generation   total 314560K, used 279643K [0x04800000, 0x19d50000, 0x19d50000)
  eden space 279616K, 100% used [0x04800000, 0x15910000, 0x15910000)
  from space 34944K,   0% used [0x17b30000, 0x17b36d90, 0x19d50000)
  to   space 34944K,   0% used [0x15910000, 0x15910000, 0x17b30000)
 tenured generation   total 699072K, used 433870K [0x19d50000, 0x44800000, 0x44800000)
   the space 699072K,  62% used [0x19d50000, 0x34503850, 0x34503a00, 0x44800000)
 Metaspace       used 63889K, capacity 65796K, committed 71168K, reserved 72064K
Event: 2580.582 GC heap after
Heap after GC invocations=350 (full 20):
 def new generation   total 314560K, used 39K [0x04800000, 0x19d50000, 0x19d50000)
  eden space 279616K,   0% used [0x04800000, 0x04800000, 0x15910000)
  from space 34944K,   0% used [0x15910000, 0x15919ce0, 0x17b30000)
  to   space 34944K,   0% used [0x17b30000, 0x17b30000, 0x19d50000)
 tenured generation   total 699072K, used 433870K [0x19d50000, 0x44800000, 0x44800000)
   the space 699072K,  62% used [0x19d50000, 0x34503850, 0x34503a00, 0x44800000)
 Metaspace       used 63889K, capacity 65796K, committed 71168K, reserved 72064K
}
Event: 2581.598 GC heap before
{Heap before GC invocations=350 (full 20):
 def new generation   total 314560K, used 279655K [0x04800000, 0x19d50000, 0x19d50000)
  eden space 279616K, 100% used [0x04800000, 0x15910000, 0x15910000)
  from space 34944K,   0% used [0x15910000, 0x15919ce0, 0x17b30000)
  to   space 34944K,   0% used [0x17b30000, 0x17b30000, 0x19d50000)
 tenured generation   total 699072K, used 433870K [0x19d50000, 0x44800000, 0x44800000)
   the space 699072K,  62% used [0x19d50000, 0x34503850, 0x34503a00, 0x44800000)
 Metaspace       used 63889K, capacity 65796K, committed 71168K, reserved 72064K
Event: 2581.781 GC heap after
Heap after GC invocations=351 (full 20):
 def new generation   total 314560K, used 34944K [0x04800000, 0x19d50000, 0x19d50000)
  eden space 279616K,   0% used [0x04800000, 0x04800000, 0x15910000)
  from space 34944K, 100% used [0x17b30000, 0x19d50000, 0x19d50000)
  to   space 34944K,   0% used [0x15910000, 0x15910000, 0x17b30000)
 tenured generation   total 699072K, used 487256K [0x19d50000, 0x44800000, 0x44800000)
   the space 699072K,  69% used [0x19d50000, 0x379263d8, 0x37926400, 0x44800000)
 Metaspace       used 63889K, capacity 65796K, committed 71168K, reserved 72064K
}
Event: 2583.714 GC heap before
{Heap before GC invocations=351 (full 20):
 def new generation   total 314560K, used 314560K [0x04800000, 0x19d50000, 0x19d50000)
  eden space 279616K, 100% used [0x04800000, 0x15910000, 0x15910000)
  from space 34944K, 100% used [0x17b30000, 0x19d50000, 0x19d50000)
  to   space 34944K,   0% used [0x15910000, 0x15910000, 0x17b30000)
 tenured generation   total 699072K, used 487256K [0x19d50000, 0x44800000, 0x44800000)
   the space 699072K,  69% used [0x19d50000, 0x379263d8, 0x37926400, 0x44800000)
 Metaspace       used 63890K, capacity 65796K, committed 71168K, reserved 72064K
Event: 2584.359 GC heap after
Heap after GC invocations=352 (full 20):
 def new generation   total 314560K, used 34944K [0x04800000, 0x19d50000, 0x19d50000)
  eden space 279616K,   0% used [0x04800000, 0x04800000, 0x15910000)
  from space 34944K, 100% used [0x15910000, 0x17b30000, 0x17b30000)
  to   space 34944K,   0% used [0x17b30000, 0x17b30000, 0x19d50000)
 tenured generation   total 699072K, used 582992K [0x19d50000, 0x44800000, 0x44800000)
   the space 699072K,  83% used [0x19d50000, 0x3d6a4030, 0x3d6a4200, 0x44800000)
 Metaspace       used 63890K, capacity 65796K, committed 71168K, reserved 72064K
}

