# JRE version: Java(TM) SE Runtime Environment (8.0_161-b12) (build 1.8.0_161-b12)
# Java VM: Java HotSpot(TM) Client VM (25.161-b12 mixed mode windows-x86 )
Heap:
 def new generation   total 182848K, used 20288K [0x04a00000, 0x11060000, 0x19f50000)
  eden space 162560K,   0% used [0x04a00000, 0x04a00000, 0x0e8c0000)
  from space 20288K, 100% used [0x0e8c0000, 0x0fc90000, 0x0fc90000)
  to   space 20288K,   0% used [0x0fc90000, 0x0fc90000, 0x11060000)
 tenured generation   total 426952K, used 426932K [0x19f50000, 0x34042000, 0x44a00000)
   the space 426952K,  99% used [0x19f50000, 0x3403d250, 0x3403d400, 0x34042000)
 Metaspace       used 52361K, capacity 54937K, committed 55168K, reserved 55680K
GC Heap History (10 events):
Event: 3770.055 GC heap after
Heap after GC invocations=468 (full 24):
 def new generation   total 182848K, used 20287K [0x04a00000, 0x11060000, 0x19f50000)
  eden space 162560K,   0% used [0x04a00000, 0x04a00000, 0x0e8c0000)
  from space 20288K,  99% used [0x0fc90000, 0x1105fff8, 0x11060000)
  to   space 20288K,   0% used [0x0e8c0000, 0x0e8c0000, 0x0fc90000)
 tenured generation   total 405984K, used 202358K [0x19f50000, 0x32bc8000, 0x44a00000)
   the space 405984K,  49% used [0x19f50000, 0x264ed938, 0x264eda00, 0x32bc8000)
 Metaspace       used 52361K, capacity 54937K, committed 55168K, reserved 55680K
}
Event: 3771.659 GC heap before
{Heap before GC invocations=468 (full 24):
 def new generation   total 182848K, used 182847K [0x04a00000, 0x11060000, 0x19f50000)
  eden space 162560K, 100% used [0x04a00000, 0x0e8c0000, 0x0e8c0000)
  from space 20288K,  99% used [0x0fc90000, 0x1105fff8, 0x11060000)
  to   space 20288K,   0% used [0x0e8c0000, 0x0e8c0000, 0x0fc90000)
 tenured generation   total 405984K, used 202358K [0x19f50000, 0x32bc8000, 0x44a00000)
   the space 405984K,  49% used [0x19f50000, 0x264ed938, 0x264eda00, 0x32bc8000)
 Metaspace       used 52361K, capacity 54937K, committed 55168K, reserved 55680K
Event: 3772.048 GC heap after
Heap after GC invocations=469 (full 24):
 def new generation   total 182848K, used 20288K [0x04a00000, 0x11060000, 0x19f50000)
  eden space 162560K,   0% used [0x04a00000, 0x04a00000, 0x0e8c0000)
  from space 20288K, 100% used [0x0e8c0000, 0x0fc90000, 0x0fc90000)
  to   space 20288K,   0% used [0x0fc90000, 0x0fc90000, 0x11060000)
 tenured generation   total 405984K, used 252726K [0x19f50000, 0x32bc8000, 0x44a00000)
   the space 405984K,  62% used [0x19f50000, 0x2961d8e8, 0x2961da00, 0x32bc8000)
 Metaspace       used 52361K, capacity 54937K, committed 55168K, reserved 55680K
}
Event: 3774.135 GC heap before
{Heap before GC invocations=469 (full 24):
 def new generation   total 182848K, used 182848K [0x04a00000, 0x11060000, 0x19f50000)
  eden space 162560K, 100% used [0x04a00000, 0x0e8c0000, 0x0e8c0000)
  from space 20288K, 100% used [0x0e8c0000, 0x0fc90000, 0x0fc90000)
  to   space 20288K,   0% used [0x0fc90000, 0x0fc90000, 0x11060000)
 tenured generation   total 405984K, used 252726K [0x19f50000, 0x32bc8000, 0x44a00000)
   the space 405984K,  62% used [0x19f50000, 0x2961d8e8, 0x2961da00, 0x32bc8000)
 Metaspace       used 52361K, capacity 54937K, committed 55168K, reserved 55680K
Event: 3774.305 GC heap after
Heap after GC invocations=470 (full 24):
 def new generation   total 182848K, used 20288K [0x04a00000, 0x11060000, 0x19f50000)
  eden space 162560K,   0% used [0x04a00000, 0x04a00000, 0x0e8c0000)
  from space 20288K, 100% used [0x0fc90000, 0x11060000, 0x11060000)
  to   space 20288K,   0% used [0x0e8c0000, 0x0e8c0000, 0x0fc90000)
 tenured generation   total 405984K, used 291964K [0x19f50000, 0x32bc8000, 0x44a00000)
   the space 405984K,  71% used [0x19f50000, 0x2bc6f008, 0x2bc6f200, 0x32bc8000)
 Metaspace       used 52361K, capacity 54937K, committed 55168K, reserved 55680K
}
Event: 3774.588 GC heap before
{Heap before GC invocations=470 (full 24):
 def new generation   total 182848K, used 182848K [0x04a00000, 0x11060000, 0x19f50000)
  eden space 162560K, 100% used [0x04a00000, 0x0e8c0000, 0x0e8c0000)
  from space 20288K, 100% used [0x0fc90000, 0x11060000, 0x11060000)
  to   space 20288K,   0% used [0x0e8c0000, 0x0e8c0000, 0x0fc90000)
 tenured generation   total 405984K, used 291964K [0x19f50000, 0x32bc8000, 0x44a00000)
   the space 405984K,  71% used [0x19f50000, 0x2bc6f008, 0x2bc6f200, 0x32bc8000)
 Metaspace       used 52361K, capacity 54937K, committed 55168K, reserved 55680K
Event: 3774.673 GC heap after
Heap after GC invocations=471 (full 24):
 def new generation   total 182848K, used 15344K [0x04a00000, 0x11060000, 0x19f50000)
  eden space 162560K,   0% used [0x04a00000, 0x04a00000, 0x0e8c0000)
  from space 20288K,  75% used [0x0e8c0000, 0x0f7bc100, 0x0fc90000)
  to   space 20288K,   0% used [0x0fc90000, 0x0fc90000, 0x11060000)
 tenured generation   total 405984K, used 318034K [0x19f50000, 0x32bc8000, 0x44a00000)
   the space 405984K,  78% used [0x19f50000, 0x2d5e49c0, 0x2d5e4a00, 0x32bc8000)
 Metaspace       used 52361K, capacity 54937K, committed 55168K, reserved 55680K
}
Event: 3776.724 GC heap before
{Heap before GC invocations=471 (full 24):
 def new generation   total 182848K, used 171457K [0x04a00000, 0x11060000, 0x19f50000)
  eden space 162560K,  96% used [0x04a00000, 0x0e2745a0, 0x0e8c0000)
  from space 20288K,  75% used [0x0e8c0000, 0x0f7bc100, 0x0fc90000)
  to   space 20288K,   0% used [0x0fc90000, 0x0fc90000, 0x11060000)
 tenured generation   total 405984K, used 318034K [0x19f50000, 0x32bc8000, 0x44a00000)
   the space 405984K,  78% used [0x19f50000, 0x2d5e49c0, 0x2d5e4a00, 0x32bc8000)
 Metaspace       used 52361K, capacity 54937K, committed 55168K, reserved 55680K
Event: 3776.824 GC heap after
Heap after GC invocations=472 (full 24):
 def new generation   total 182848K, used 20288K [0x04a00000, 0x11060000, 0x19f50000)
  eden space 162560K,   0% used [0x04a00000, 0x04a00000, 0x0e8c0000)
  from space 20288K, 100% used [0x0fc90000, 0x11060000, 0x11060000)
  to   space 20288K,   0% used [0x0e8c0000, 0x0e8c0000, 0x0fc90000)
 tenured generation   total 405984K, used 346220K [0x19f50000, 0x32bc8000, 0x44a00000)
   the space 405984K,  85% used [0x19f50000, 0x2f16b2e8, 0x2f16b400, 0x32bc8000)
 Metaspace       used 52361K, capacity 54937K, committed 55168K, reserved 55680K
}
Event: 3777.689 GC heap before
{Heap before GC invocations=472 (full 24):
 def new generation   total 182848K, used 182848K [0x04a00000, 0x11060000, 0x19f50000)
  eden space 162560K, 100% used [0x04a00000, 0x0e8c0000, 0x0e8c0000)
  from space 20288K, 100% used [0x0fc90000, 0x11060000, 0x11060000)
  to   space 20288K,   0% used [0x0e8c0000, 0x0e8c0000, 0x0fc90000)
 tenured generation   total 405984K, used 346220K [0x19f50000, 0x32bc8000, 0x44a00000)
   the space 405984K,  85% used [0x19f50000, 0x2f16b2e8, 0x2f16b400, 0x32bc8000)
 Metaspace       used 52361K, capacity 54937K, committed 55168K, reserved 55680K

