# JRE version: OpenJDK Runtime Environment (8.0_112-b06) (build 1.8.0_112-release-b06)
# Java VM: OpenJDK 64-Bit Server VM (25.112-b06 mixed mode windows-amd64 compressed oops)
Heap:
 PSYoungGen      total 499712K, used 15679K [0x00000000e0000000, 0x0000000100000000, 0x0000000100000000)
  eden space 478720K, 0% used [0x00000000e0000000,0x00000000e0275070,0x00000000fd380000)
  from space 20992K, 62% used [0x00000000fd380000,0x00000000fe05adf8,0x00000000fe800000)
  to   space 21504K, 0% used [0x00000000feb00000,0x00000000feb00000,0x0000000100000000)
 ParOldGen       total 86528K, used 71368K [0x00000000a0000000, 0x00000000a5480000, 0x00000000e0000000)
  object space 86528K, 82% used [0x00000000a0000000,0x00000000a45b2310,0x00000000a5480000)
 Metaspace       used 75846K, capacity 79972K, committed 80128K, reserved 1118208K
  class space    used 9679K, capacity 10433K, committed 10496K, reserved 1048576K
GC Heap History (10 events):
Event: 463.771 GC heap after
Heap after GC invocations=19 (full 3):
 PSYoungGen      total 338432K, used 32K [0x00000000e0000000, 0x00000000fcc00000, 0x0000000100000000)
  eden space 314368K, 0% used [0x00000000e0000000,0x00000000e0000000,0x00000000f3300000)
  from space 24064K, 0% used [0x00000000f4b00000,0x00000000f4b08000,0x00000000f6280000)
  to   space 24576K, 0% used [0x00000000f3300000,0x00000000f3300000,0x00000000f4b00000)
 ParOldGen       total 86528K, used 64906K [0x00000000a0000000, 0x00000000a5480000, 0x00000000e0000000)
  object space 86528K, 75% used [0x00000000a0000000,0x00000000a3f62b90,0x00000000a5480000)
 Metaspace       used 71860K, capacity 74608K, committed 74752K, reserved 1114112K
  class space    used 9286K, capacity 9883K, committed 9984K, reserved 1048576K
}
Event: 780.865 GC heap before
{Heap before GC invocations=20 (full 3):
 PSYoungGen      total 338432K, used 314400K [0x00000000e0000000, 0x00000000fcc00000, 0x0000000100000000)
  eden space 314368K, 100% used [0x00000000e0000000,0x00000000f3300000,0x00000000f3300000)
  from space 24064K, 0% used [0x00000000f4b00000,0x00000000f4b08000,0x00000000f6280000)
  to   space 24576K, 0% used [0x00000000f3300000,0x00000000f3300000,0x00000000f4b00000)
 ParOldGen       total 86528K, used 64906K [0x00000000a0000000, 0x00000000a5480000, 0x00000000e0000000)
  object space 86528K, 75% used [0x00000000a0000000,0x00000000a3f62b90,0x00000000a5480000)
 Metaspace       used 72693K, capacity 75830K, committed 76160K, reserved 1116160K
  class space    used 9391K, capacity 10016K, committed 10112K, reserved 1048576K
Event: 780.886 GC heap after
Heap after GC invocations=20 (full 3):
 PSYoungGen      total 338944K, used 4384K [0x00000000e0000000, 0x00000000fbf80000, 0x0000000100000000)
  eden space 314368K, 0% used [0x00000000e0000000,0x00000000e0000000,0x00000000f3300000)
  from space 24576K, 17% used [0x00000000f3300000,0x00000000f3748188,0x00000000f4b00000)
  to   space 24064K, 0% used [0x00000000fa800000,0x00000000fa800000,0x00000000fbf80000)
 ParOldGen       total 86528K, used 64930K [0x00000000a0000000, 0x00000000a5480000, 0x00000000e0000000)
  object space 86528K, 75% used [0x00000000a0000000,0x00000000a3f68b90,0x00000000a5480000)
 Metaspace       used 72693K, capacity 75830K, committed 76160K, reserved 1116160K
  class space    used 9391K, capacity 10016K, committed 10112K, reserved 1048576K
}
Event: 2486.550 GC heap before
{Heap before GC invocations=21 (full 3):
 PSYoungGen      total 338944K, used 318752K [0x00000000e0000000, 0x00000000fbf80000, 0x0000000100000000)
  eden space 314368K, 100% used [0x00000000e0000000,0x00000000f3300000,0x00000000f3300000)
  from space 24576K, 17% used [0x00000000f3300000,0x00000000f3748188,0x00000000f4b00000)
  to   space 24064K, 0% used [0x00000000fa800000,0x00000000fa800000,0x00000000fbf80000)
 ParOldGen       total 86528K, used 64930K [0x00000000a0000000, 0x00000000a5480000, 0x00000000e0000000)
  object space 86528K, 75% used [0x00000000a0000000,0x00000000a3f68b90,0x00000000a5480000)
 Metaspace       used 73785K, capacity 77652K, committed 77824K, reserved 1116160K
  class space    used 9508K, capacity 10203K, committed 10240K, reserved 1048576K
Event: 2486.586 GC heap after
Heap after GC invocations=21 (full 3):
 PSYoungGen      total 417792K, used 5440K [0x00000000e0000000, 0x00000000fb680000, 0x0000000100000000)
  eden space 402944K, 0% used [0x00000000e0000000,0x00000000e0000000,0x00000000f8980000)
  from space 14848K, 36% used [0x00000000fa800000,0x00000000fad50020,0x00000000fb680000)
  to   space 23040K, 0% used [0x00000000f8980000,0x00000000f8980000,0x00000000fa000000)
 ParOldGen       total 86528K, used 65700K [0x00000000a0000000, 0x00000000a5480000, 0x00000000e0000000)
  object space 86528K, 75% used [0x00000000a0000000,0x00000000a40291f8,0x00000000a5480000)
 Metaspace       used 73785K, capacity 77652K, committed 77824K, reserved 1116160K
  class space    used 9508K, capacity 10203K, committed 10240K, reserved 1048576K
}
Event: 2491.193 GC heap before
{Heap before GC invocations=22 (full 3):
 PSYoungGen      total 417792K, used 408109K [0x00000000e0000000, 0x00000000fb680000, 0x0000000100000000)
  eden space 402944K, 99% used [0x00000000e0000000,0x00000000f893b510,0x00000000f8980000)
  from space 14848K, 36% used [0x00000000fa800000,0x00000000fad50020,0x00000000fb680000)
  to   space 23040K, 0% used [0x00000000f8980000,0x00000000f8980000,0x00000000fa000000)
 ParOldGen       total 86528K, used 65700K [0x00000000a0000000, 0x00000000a5480000, 0x00000000e0000000)
  object space 86528K, 75% used [0x00000000a0000000,0x00000000a40291f8,0x00000000a5480000)
 Metaspace       used 74493K, capacity 78396K, committed 78720K, reserved 1118208K
  class space    used 9524K, capacity 10249K, committed 10368K, reserved 1048576K
Event: 2491.226 GC heap after
Heap after GC invocations=22 (full 3):
 PSYoungGen      total 425984K, used 10853K [0x00000000e0000000, 0x0000000100000000, 0x0000000100000000)
  eden space 402944K, 0% used [0x00000000e0000000,0x00000000e0000000,0x00000000f8980000)
  from space 23040K, 47% used [0x00000000f8980000,0x00000000f9419408,0x00000000fa000000)
  to   space 22528K, 0% used [0x00000000fea00000,0x00000000fea00000,0x0000000100000000)
 ParOldGen       total 86528K, used 70672K [0x00000000a0000000, 0x00000000a5480000, 0x00000000e0000000)
  object space 86528K, 81% used [0x00000000a0000000,0x00000000a45042e0,0x00000000a5480000)
 Metaspace       used 74493K, capacity 78396K, committed 78720K, reserved 1118208K
  class space    used 9524K, capacity 10249K, committed 10368K, reserved 1048576K
}
Event: 2705.809 GC heap before
{Heap before GC invocations=23 (full 3):
 PSYoungGen      total 425984K, used 410416K [0x00000000e0000000, 0x0000000100000000, 0x0000000100000000)
  eden space 402944K, 99% used [0x00000000e0000000,0x00000000f8632db0,0x00000000f8980000)
  from space 23040K, 47% used [0x00000000f8980000,0x00000000f9419408,0x00000000fa000000)
  to   space 22528K, 0% used [0x00000000fea00000,0x00000000fea00000,0x0000000100000000)
 ParOldGen       total 86528K, used 70672K [0x00000000a0000000, 0x00000000a5480000, 0x00000000e0000000)
  object space 86528K, 81% used [0x00000000a0000000,0x00000000a45042e0,0x00000000a5480000)
 Metaspace       used 74882K, capacity 78898K, committed 78976K, reserved 1118208K
  class space    used 9543K, capacity 10298K, committed 10368K, reserved 1048576K
Event: 2705.838 GC heap after
Heap after GC invocations=23 (full 3):
 PSYoungGen      total 497664K, used 8352K [0x00000000e0000000, 0x00000000ffc80000, 0x0000000100000000)
  eden space 478720K, 0% used [0x00000000e0000000,0x00000000e0000000,0x00000000fd380000)
  from space 18944K, 44% used [0x00000000fea00000,0x00000000ff228198,0x00000000ffc80000)
  to   space 20992K, 0% used [0x00000000fd380000,0x00000000fd380000,0x00000000fe800000)
 ParOldGen       total 86528K, used 70880K [0x00000000a0000000, 0x00000000a5480000, 0x00000000e0000000)
  object space 86528K, 81% used [0x00000000a0000000,0x00000000a45382f0,0x00000000a5480000)
 Metaspace       used 74882K, capacity 78898K, committed 78976K, reserved 1118208K
  class space    used 9543K, capacity 10298K, committed 10368K, reserved 1048576K
}
Event: 3005.267 GC heap before
{Heap before GC invocations=24 (full 3):
 PSYoungGen      total 497664K, used 487072K [0x00000000e0000000, 0x00000000ffc80000, 0x0000000100000000)
  eden space 478720K, 100% used [0x00000000e0000000,0x00000000fd380000,0x00000000fd380000)
  from space 18944K, 44% used [0x00000000fea00000,0x00000000ff228198,0x00000000ffc80000)
  to   space 20992K, 0% used [0x00000000fd380000,0x00000000fd380000,0x00000000fe800000)
 ParOldGen       total 86528K, used 70880K [0x00000000a0000000, 0x00000000a5480000, 0x00000000e0000000)
  object space 86528K, 81% used [0x00000000a0000000,0x00000000a45382f0,0x00000000a5480000)
 Metaspace       used 75844K, capacity 79972K, committed 80128K, reserved 1118208K
  class space    used 9679K, capacity 10433K, committed 10496K, reserved 1048576K

